#
# There is insufficient memory for the Java Runtime Environment to continue.
# Native memory allocation (mmap) failed to map 1073741824 bytes. Error detail: G1 virtual space
# Possible reasons:
#   The system is out of physical RAM or swap space
#   This process is running with CompressedOops enabled, and the Java Heap may be blocking the growth of the native heap
# Possible solutions:
#   Reduce memory load on the system
#   Increase physical memory or swap space
#   Check if swap backing store is full
#   Decrease Java heap size (-Xmx/-Xms)
#   Decrease number of Java threads
#   Decrease Java thread stack sizes (-Xss)
#   Set larger code cache with -XX:ReservedCodeCacheSize=
#   JVM is running with Zero Based Compressed Oops mode in which the Java heap is
#     placed in the first 32GB address space. The Java Heap base address is the
#     maximum limit for the native heap growth. Please use -XX:HeapBaseMinAddress
#     to set the Java Heap base and to place the Java Heap above 32GB virtual address.
# This output file may be truncated or incomplete.
#
#  Out of Memory Error (os_windows.cpp:3613), pid=21004, tid=38988
#
# JRE version:  (17.0.11+9) (build )
# Java VM: OpenJDK 64-Bit Server VM (17.0.11+9, mixed mode, sharing, tiered, compressed oops, compressed class ptrs, g1 gc, windows-amd64)
# No core dump will be written. Minidumps are not enabled by default on client versions of Windows
#

---------------  S U M M A R Y ------------

Command Line: --add-opens=java.base/java.lang=ALL-UNNAMED --add-opens=java.base/java.io=ALL-UNNAMED --add-opens=java.base/java.util=ALL-UNNAMED -Dplugin.dir=C:\Users\quelf\.vscode\extensions\redhat.java-1.32.0-win32-x64\server\..\..\vscjava.vscode-gradle-3.14.1\server\plugins com.microsoft.java.bs.core.Launcher

Host: 13th Gen Intel(R) Core(TM) i7-13700F, 24 cores, 63G,  Windows 11 , 64 bit Build 22621 (10.0.22621.3672)
Time: Tue Jul  9 17:08:17 2024 Pacific Daylight Time elapsed time: 0.013316 seconds (0d 0h 0m 0s)

---------------  T H R E A D  ---------------

Current thread (0x000001a27617f190):  JavaThread "Unknown thread" [_thread_in_vm, id=38988, stack(0x0000005f0de00000,0x0000005f0df00000)]

Stack: [0x0000005f0de00000,0x0000005f0df00000]
Native frames: (J=compiled Java code, j=interpreted, Vv=VM code, C=native code)
V  [jvm.dll+0x67d429]
V  [jvm.dll+0x834b7a]
V  [jvm.dll+0x83663e]
V  [jvm.dll+0x836ca3]
V  [jvm.dll+0x247dbf]
V  [jvm.dll+0x67a269]
V  [jvm.dll+0x66ecda]
V  [jvm.dll+0x30797b]
V  [jvm.dll+0x30ee26]
V  [jvm.dll+0x35e80e]
V  [jvm.dll+0x35ea3f]
V  [jvm.dll+0x2de6b8]
V  [jvm.dll+0x2df624]
V  [jvm.dll+0x806531]
V  [jvm.dll+0x36c561]
V  [jvm.dll+0x7e4f56]
V  [jvm.dll+0x3efdcf]
V  [jvm.dll+0x3f1921]
C  [jli.dll+0x528f]
C  [ucrtbase.dll+0x29333]
C  [KERNEL32.DLL+0x1257d]
C  [ntdll.dll+0x5af28]


---------------  P R O C E S S  ---------------

Threads class SMR info:
_java_thread_list=0x00007fffda6ceed8, length=0, elements={
}

Java Threads: ( => current thread )

Other Threads:
  0x000001a27fd01590 GCTaskThread "GC Thread#0" [stack: 0x0000005f0df00000,0x0000005f0e000000] [id=29444]
  0x000001a27fd12480 ConcurrentGCThread "G1 Main Marker" [stack: 0x0000005f0e000000,0x0000005f0e100000] [id=37044]
  0x000001a27fd12ea0 ConcurrentGCThread "G1 Conc#0" [stack: 0x0000005f0e100000,0x0000005f0e200000] [id=38536]

[error occurred during error reporting (printing all threads), id 0xc0000005, EXCEPTION_ACCESS_VIOLATION (0xc0000005) at pc=0x00007fffd9e8f0f7]

VM state: not at safepoint (not fully initialized)

VM Mutex/Monitor currently owned by a thread:  ([mutex/lock_event])
[0x000001a2761790e0] Heap_lock - owner thread: 0x000001a27617f190

Heap address: 0x0000000404000000, size: 16320 MB, Compressed Oops mode: Zero based, Oop shift amount: 3

CDS archive(s) mapped at: [0x0000000000000000-0x0000000000000000-0x0000000000000000), size 0, SharedBaseAddress: 0x0000000800000000, ArchiveRelocationMode: 1.
Narrow klass base: 0x0000000000000000, Narrow klass shift: 0, Narrow klass range: 0x0

GC Precious Log:
<Empty>

Heap:
 garbage-first heap   total 0K, used 0K [0x0000000404000000, 0x0000000800000000)
  region size 8192K, 0 young (0K), 0 survivors (0K)

[error occurred during error reporting (printing heap information), id 0xc0000005, EXCEPTION_ACCESS_VIOLATION (0xc0000005) at pc=0x00007fffda2770c9]

GC Heap History (0 events):
No events

Dll operation events (1 events):
Event: 0.007 Loaded shared library C:\Users\quelf\.vscode\extensions\redhat.java-1.32.0-win32-x64\jre\17.0.11-win32-x86_64\bin\java.dll

Deoptimization events (0 events):
No events

Classes unloaded (0 events):
No events

Classes redefined (0 events):
No events

Internal exceptions (0 events):
No events

VM Operations (0 events):
No events

Events (0 events):
No events


Dynamic libraries:
0x00007ff751300000 - 0x00007ff75130e000 	C:\Users\quelf\.vscode\extensions\redhat.java-1.32.0-win32-x64\jre\17.0.11-win32-x86_64\bin\java.exe
0x00007ff85bef0000 - 0x00007ff85c107000 	C:\Windows\SYSTEM32\ntdll.dll
0x00007ff85ba90000 - 0x00007ff85bb54000 	C:\Windows\System32\KERNEL32.DLL
0x00007ff8594b0000 - 0x00007ff85985c000 	C:\Windows\System32\KERNELBASE.dll
0x00007ff859220000 - 0x00007ff859331000 	C:\Windows\System32\ucrtbase.dll
0x00007ff82fca0000 - 0x00007ff82fcbb000 	C:\Users\quelf\.vscode\extensions\redhat.java-1.32.0-win32-x64\jre\17.0.11-win32-x86_64\bin\VCRUNTIME140.dll
0x00007ff82fcc0000 - 0x00007ff82fcd7000 	C:\Users\quelf\.vscode\extensions\redhat.java-1.32.0-win32-x64\jre\17.0.11-win32-x86_64\bin\jli.dll
0x00007ff85b090000 - 0x00007ff85b23e000 	C:\Windows\System32\USER32.dll
0x00007ff859860000 - 0x00007ff859886000 	C:\Windows\System32\win32u.dll
0x00007ff847180000 - 0x00007ff847413000 	C:\Windows\WinSxS\amd64_microsoft.windows.common-controls_6595b64144ccf1df_6.0.22621.3672_none_2713b9d173822955\COMCTL32.dll
0x00007ff859cb0000 - 0x00007ff859cd9000 	C:\Windows\System32\GDI32.dll
0x00007ff85a650000 - 0x00007ff85a6f7000 	C:\Windows\System32\msvcrt.dll
0x00007ff859a90000 - 0x00007ff859ba9000 	C:\Windows\System32\gdi32full.dll
0x00007ff8599f0000 - 0x00007ff859a8a000 	C:\Windows\System32\msvcp_win.dll
0x00007ff85b240000 - 0x00007ff85b271000 	C:\Windows\System32\IMM32.DLL
0x00007ff843150000 - 0x00007ff84315c000 	C:\Users\quelf\.vscode\extensions\redhat.java-1.32.0-win32-x64\jre\17.0.11-win32-x86_64\bin\vcruntime140_1.dll
0x00007ff809610000 - 0x00007ff80969d000 	C:\Users\quelf\.vscode\extensions\redhat.java-1.32.0-win32-x64\jre\17.0.11-win32-x86_64\bin\msvcp140.dll
0x00007fffd9ba0000 - 0x00007fffda802000 	C:\Users\quelf\.vscode\extensions\redhat.java-1.32.0-win32-x64\jre\17.0.11-win32-x86_64\bin\server\jvm.dll
0x00007ff85b810000 - 0x00007ff85b8c2000 	C:\Windows\System32\ADVAPI32.dll
0x00007ff85ab30000 - 0x00007ff85abda000 	C:\Windows\System32\sechost.dll
0x00007ff8599c0000 - 0x00007ff8599e8000 	C:\Windows\System32\bcrypt.dll
0x00007ff85bd90000 - 0x00007ff85bea5000 	C:\Windows\System32\RPCRT4.dll
0x00007ff8259f0000 - 0x00007ff8259f9000 	C:\Windows\SYSTEM32\WSOCK32.dll
0x00007ff8590e0000 - 0x00007ff85912d000 	C:\Windows\SYSTEM32\POWRPROF.dll
0x00007ff851c60000 - 0x00007ff851c94000 	C:\Windows\SYSTEM32\WINMM.dll
0x00007ff85a930000 - 0x00007ff85a9a1000 	C:\Windows\System32\WS2_32.dll
0x00007ff850d90000 - 0x00007ff850d9a000 	C:\Windows\SYSTEM32\VERSION.dll
0x00007ff8590c0000 - 0x00007ff8590d3000 	C:\Windows\SYSTEM32\UMPDC.dll
0x00007ff858210000 - 0x00007ff858228000 	C:\Windows\SYSTEM32\kernel.appcore.dll
0x00007ff8306c0000 - 0x00007ff8306ca000 	C:\Users\quelf\.vscode\extensions\redhat.java-1.32.0-win32-x64\jre\17.0.11-win32-x86_64\bin\jimage.dll
0x00007ff850640000 - 0x00007ff850872000 	C:\Windows\SYSTEM32\DBGHELP.DLL
0x00007ff85b280000 - 0x00007ff85b608000 	C:\Windows\System32\combase.dll
0x00007ff85a750000 - 0x00007ff85a827000 	C:\Windows\System32\OLEAUT32.dll
0x00007ff850600000 - 0x00007ff850632000 	C:\Windows\SYSTEM32\dbgcore.DLL
0x00007ff859bb0000 - 0x00007ff859c2b000 	C:\Windows\System32\bcryptPrimitives.dll
0x00007ff82a210000 - 0x00007ff82a235000 	C:\Users\quelf\.vscode\extensions\redhat.java-1.32.0-win32-x64\jre\17.0.11-win32-x86_64\bin\java.dll

dbghelp: loaded successfully - version: 4.0.5 - missing functions: none
symbol engine: initialized successfully - sym options: 0x614 - pdb path: .;C:\Users\quelf\.vscode\extensions\redhat.java-1.32.0-win32-x64\jre\17.0.11-win32-x86_64\bin;C:\Windows\SYSTEM32;C:\Windows\WinSxS\amd64_microsoft.windows.common-controls_6595b64144ccf1df_6.0.22621.3672_none_2713b9d173822955;C:\Users\quelf\.vscode\extensions\redhat.java-1.32.0-win32-x64\jre\17.0.11-win32-x86_64\bin\server

VM Arguments:
jvm_args: --add-opens=java.base/java.lang=ALL-UNNAMED --add-opens=java.base/java.io=ALL-UNNAMED --add-opens=java.base/java.util=ALL-UNNAMED -Dplugin.dir=C:\Users\quelf\.vscode\extensions\redhat.java-1.32.0-win32-x64\server\..\..\vscjava.vscode-gradle-3.14.1\server\plugins 
java_command: com.microsoft.java.bs.core.Launcher
java_class_path (initial): C:\Users\quelf\.vscode\extensions\redhat.java-1.32.0-win32-x64\server\..\..\vscjava.vscode-gradle-3.14.1\server\server.jar;C:\Users\quelf\.vscode\extensions\redhat.java-1.32.0-win32-x64\server\..\..\vscjava.vscode-gradle-3.14.1\server\runtime\bsp4j-2.1.0-M4.jar;C:\Users\quelf\.vscode\extensions\redhat.java-1.32.0-win32-x64\server\..\..\vscjava.vscode-gradle-3.14.1\server\runtime\checker-qual-3.5.0.jar;C:\Users\quelf\.vscode\extensions\redhat.java-1.32.0-win32-x64\server\..\..\vscjava.vscode-gradle-3.14.1\server\runtime\commons-lang3-3.13.0.jar;C:\Users\quelf\.vscode\extensions\redhat.java-1.32.0-win32-x64\server\..\..\vscjava.vscode-gradle-3.14.1\server\runtime\error_prone_annotations-2.3.4.jar;C:\Users\quelf\.vscode\extensions\redhat.java-1.32.0-win32-x64\server\..\..\vscjava.vscode-gradle-3.14.1\server\runtime\failureaccess-1.0.1.jar;C:\Users\quelf\.vscode\extensions\redhat.java-1.32.0-win32-x64\server\..\..\vscjava.vscode-gradle-3.14.1\server\runtime\gradle-tooling-api-8.7.jar;C:\Users\quelf\.vscode\extensions\redhat.java-1.32.0-win32-x64\server\..\..\vscjava.vscode-gradle-3.14.1\server\runtime\gson-2.9.1.jar;C:\Users\quelf\.vscode\extensions\redhat.java-1.32.0-win32-x64\server\..\..\vscjava.vscode-gradle-3.14.1\server\runtime\guava-30.1-jre.jar;C:\Users\quelf\.vscode\extensions\redhat.java-1.32.0-win32-x64\server\..\..\vscjava.vscode-gradle-3.14.1\server\runtime\j2objc-annotations-1.3.jar;C:\Users\quelf\.vscode\extensions\redhat.java-1.32.0-win32-x64\server\..\..\vscjava.vscode-gradle-3.14.1\server\runtime\jsr305-3.0.2.jar;C:\Users\quelf\.vscode\extensions\redhat.java-1.32.0-win32-x64\server\..\..\vscjava.vscode-gradle-3.14.1\server\runtime\listenablefuture-9999.0-empty-to-avoid-conflict-with-guava.jar;C:\Users\quelf\.vscode\extensions\redhat.java-1.32.0-win32-x64\server\..\..\vscjava.vscode-gradle-3.14.1\server\runtime\model.jar;C:\Users\quelf\.vscode\extensions\redhat.java-1.32.0-win32-x64\server\..\..\vscjava.vscode-gradle-3.14.1\
Launcher Type: SUN_STANDARD

[Global flags]
     intx CICompilerCount                          = 12                                        {product} {ergonomic}
     uint ConcGCThreads                            = 5                                         {product} {ergonomic}
     uint G1ConcRefinementThreads                  = 18                                        {product} {ergonomic}
   size_t G1HeapRegionSize                         = 8388608                                   {product} {ergonomic}
    uintx GCDrainStackTargetSize                   = 64                                        {product} {ergonomic}
   size_t InitialHeapSize                          = 1073741824                                {product} {ergonomic}
   size_t MarkStackSize                            = 4194304                                   {product} {ergonomic}
   size_t MaxHeapSize                              = 17112760320                               {product} {ergonomic}
   size_t MinHeapDeltaBytes                        = 8388608                                   {product} {ergonomic}
   size_t MinHeapSize                              = 8388608                                   {product} {ergonomic}
    uintx NonNMethodCodeHeapSize                   = 7602480                                {pd product} {ergonomic}
    uintx NonProfiledCodeHeapSize                  = 122027880                              {pd product} {ergonomic}
    uintx ProfiledCodeHeapSize                     = 122027880                              {pd product} {ergonomic}
    uintx ReservedCodeCacheSize                    = 251658240                              {pd product} {ergonomic}
     bool SegmentedCodeCache                       = true                                      {product} {ergonomic}
   size_t SoftMaxHeapSize                          = 17112760320                            {manageable} {ergonomic}
     bool UseCompressedClassPointers               = true                           {product lp64_product} {ergonomic}
     bool UseCompressedOops                        = true                           {product lp64_product} {ergonomic}
     bool UseG1GC                                  = true                                      {product} {ergonomic}
     bool UseLargePagesIndividualAllocation        = false                                  {pd product} {ergonomic}

Logging:
Log output configuration:
 #0: stdout all=warning uptime,level,tags
 #1: stderr all=off uptime,level,tags

Environment Variables:
PATH=C:\Program Files\Eclipse Adoptium\jdk-17.0.11.9-hotspot\bin;C:\Program Files (x86)\Razer Chroma SDK\bin;C:\Program Files\Razer Chroma SDK\bin;C:\Program Files (x86)\Razer\ChromaBroadcast\bin;C:\Program Files\Razer\ChromaBroadcast\bin;C:\Program Files\Common Files\Oracle\Java\javapath;C:\Program Files (x86)\Common Files\Oracle\Java\javapath;C:\Windows\system32;C:\Windows;C:\Windows\System32\Wbem;C:\Windows\System32\WindowsPowerShell\v1.0\;C:\Windows\System32\OpenSSH\;C:\Program Files (x86)\NVIDIA Corporation\PhysX\Common;C:\Program Files\dotnet\;C:\Program Files\NVIDIA Corporation\NVIDIA NvDLISR;C:\Windows\system32\config\systemprofile\AppData\Local\Microsoft\WindowsApps;C:\Users\quelf\.cargo\bin;C:\Users\quelf\AppData\Local\Microsoft\WindowsApps;C:\Users\quelf\AppData\Local\GitHubDesktop\bin;C:\Users\quelf\AppData\Local\Programs\Microsoft VS Code\bin;D:\Program Files\nodejs\;D:\Program Files\Git\cmd;C:\Users\quelf\.cargo\bin;C:\Users\quelf\AppData\Local\Microsoft\WindowsApps;C:\Users\quelf\AppData\Local\GitHubDesktop\bin;C:\Users\quelf\AppData\Local\Programs\Microsoft VS Code\bin;C:\Users\quelf\AppData\Roaming\npm
USERNAME=quelf
OS=Windows_NT
PROCESSOR_IDENTIFIER=Intel64 Family 6 Model 183 Stepping 1, GenuineIntel
TMP=C:\Users\quelf\AppData\Local\Temp
TEMP=C:\Users\quelf\AppData\Local\Temp



Periodic native trim disabled


---------------  S Y S T E M  ---------------

OS:
 Windows 11 , 64 bit Build 22621 (10.0.22621.3672)
OS uptime: 0 days 23:15 hours
Hyper-V role detected

CPU: total 24 (initial active 24) (12 cores per cpu, 2 threads per core) family 6 model 183 stepping 1 microcode 0x123, cx8, cmov, fxsr, ht, mmx, 3dnowpref, sse, sse2, sse3, ssse3, sse4.1, sse4.2, popcnt, lzcnt, tsc, tscinvbit, avx, avx2, aes, erms, clmul, bmi1, bmi2, adx, sha, fma, vzeroupper, clflush, clflushopt, clwb, hv
Processor Information for all 24 processors :
  Max Mhz: 2100, Current Mhz: 2100, Mhz Limit: 2100

Memory: 4k page, system-wide physical 65254M (753M free)
TotalPageFile size 184559M (AvailPageFile size 562M)
current process WorkingSet (physical memory assigned to process): 12M, peak: 12M
current process commit charge ("private bytes"): 82M, peak: 1105M

vm_info: OpenJDK 64-Bit Server VM (17.0.11+9) for windows-amd64 JRE (17.0.11+9), built on Apr 17 2024 06:07:48 by "admin" with MS VC++ 16.10 / 16.11 (VS2019)

END.
