#
# There is insufficient memory for the Java Runtime Environment to continue.
# Native memory allocation (malloc) failed to allocate 1050256 bytes. Error detail: Chunk::new
# Possible reasons:
#   The system is out of physical RAM or swap space
#   This process is running with CompressedOops enabled, and the Java Heap may be blocking the growth of the native heap
# Possible solutions:
#   Reduce memory load on the system
#   Increase physical memory or swap space
#   Check if swap backing store is full
#   Decrease Java heap size (-Xmx/-Xms)
#   Decrease number of Java threads
#   Decrease Java thread stack sizes (-Xss)
#   Set larger code cache with -XX:ReservedCodeCacheSize=
#   JVM is running with Unscaled Compressed Oops mode in which the Java heap is
#     placed in the first 4GB address space. The Java Heap base address is the
#     maximum limit for the native heap growth. Please use -XX:HeapBaseMinAddress
#     to set the Java Heap base and to place the Java Heap above 4GB virtual address.
# This output file may be truncated or incomplete.
#
#  Out of Memory Error (arena.cpp:191), pid=37736, tid=12472
#
# JRE version: OpenJDK Runtime Environment Temurin-17.0.11+9 (17.0.11+9) (build 17.0.11+9)
# Java VM: OpenJDK 64-Bit Server VM Temurin-17.0.11+9 (17.0.11+9, mixed mode, tiered, compressed oops, compressed class ptrs, parallel gc, windows-amd64)
# No core dump will be written. Minidumps are not enabled by default on client versions of Windows
#

---------------  S U M M A R Y ------------

Command Line: --add-modules=ALL-SYSTEM --add-opens=java.base/java.util=ALL-UNNAMED --add-opens=java.base/java.lang=ALL-UNNAMED --add-opens=java.base/sun.nio.fs=ALL-UNNAMED -Declipse.application=org.eclipse.jdt.ls.core.id1 -Dosgi.bundles.defaultStartLevel=4 -Declipse.product=org.eclipse.jdt.ls.core.product -Djava.import.generatesMetadataFilesAtProjectRoot=false -DDetectVMInstallationsJob.disabled=true -Dfile.encoding=utf8 -XX:+UseParallelGC -XX:GCTimeRatio=4 -XX:AdaptiveSizePolicyWeight=90 -Dsun.zip.disableMemoryMapping=true -Xmx1G -Xms100m -Xlog:disable -javaagent:c:\Users\quelf\.vscode\extensions\redhat.java-1.32.0-win32-x64\lombok\lombok-1.18.33.jar -XX:+HeapDumpOnOutOfMemoryError -XX:HeapDumpPath=c:\Users\quelf\AppData\Roaming\Code\User\workspaceStorage\8b2b435ec4364f2ab538268782fa59e9\redhat.java -Daether.dependencyCollector.impl=bf c:\Users\quelf\.vscode\extensions\redhat.java-1.32.0-win32-x64\server\plugins\org.eclipse.equinox.launcher_1.6.900.v20240613-2009.jar -configuration c:\Users\quelf\AppData\Roaming\Code\User\globalStorage\redhat.java\1.32.0\config_win -data c:\Users\quelf\AppData\Roaming\Code\User\workspaceStorage\8b2b435ec4364f2ab538268782fa59e9\redhat.java\jdt_ws --pipe=\\.\pipe\lsp-315d8becd92974d514749d372f8b32fb-sock

Host: 13th Gen Intel(R) Core(TM) i7-13700F, 24 cores, 63G,  Windows 11 , 64 bit Build 22621 (10.0.22621.3672)
Time: Tue Jul  9 17:07:46 2024 Pacific Daylight Time elapsed time: 14332.663364 seconds (0d 3h 58m 52s)

---------------  T H R E A D  ---------------

Current thread (0x000001cc4fa3b7f0):  JavaThread "C2 CompilerThread0" daemon [_thread_in_native, id=12472, stack(0x000000a6a5a00000,0x000000a6a5b00000)]


Current CompileTask:
C2:14332663 30844       4       org.eclipse.jdt.internal.compiler.util.Sorting::sort (88 bytes)

Stack: [0x000000a6a5a00000,0x000000a6a5b00000]
Native frames: (J=compiled Java code, j=interpreted, Vv=VM code, C=native code)
V  [jvm.dll+0x67d429]
V  [jvm.dll+0x834b7a]
V  [jvm.dll+0x83663e]
V  [jvm.dll+0x836ca3]
V  [jvm.dll+0x247dbf]
V  [jvm.dll+0xac534]
V  [jvm.dll+0xacb7c]
V  [jvm.dll+0x2af2cf]
V  [jvm.dll+0x5848b7]
V  [jvm.dll+0x222d82]
V  [jvm.dll+0x21c090]
V  [jvm.dll+0x2197a1]
V  [jvm.dll+0x1a534d]
V  [jvm.dll+0x2295cd]
V  [jvm.dll+0x22779c]
V  [jvm.dll+0x7e9d07]
V  [jvm.dll+0x7e410a]
V  [jvm.dll+0x67c315]
C  [ucrtbase.dll+0x29333]
C  [KERNEL32.DLL+0x1257d]
C  [ntdll.dll+0x5af28]


---------------  P R O C E S S  ---------------

Threads class SMR info:
_java_thread_list=0x000001cc6217d270, length=77, elements={
0x000001cc36993270, 0x000001cc4a819020, 0x000001cc4a81a640, 0x000001cc4fa35340,
0x000001cc4fa360d0, 0x000001cc4fa376f0, 0x000001cc4fa39bc0, 0x000001cc4fa3b7f0,
0x000001cc4fa44c60, 0x000001cc4fa56300, 0x000001cc4fb44030, 0x000001cc52bf9290,
0x000001cc534b29e0, 0x000001cc4fbdc0d0, 0x000001cc5336e540, 0x000001cc53366a30,
0x000001cc53364bd0, 0x000001cc53366520, 0x000001cc533641b0, 0x000001cc533655f0,
0x000001cc53365b00, 0x000001cc552a1ab0, 0x000001cc5529fc50, 0x000001cc5529d3d0,
0x000001cc552a0b80, 0x000001cc5529ed20, 0x000001cc552a1fc0, 0x000001cc552a24d0,
0x000001cc5529e300, 0x000001cc5529e810, 0x000001cc5529ddf0, 0x000001cc5529b060,
0x000001cc5529b570, 0x000001cc552a1090, 0x000001cc5529f230, 0x000001cc5529f740,
0x000001cc5529cec0, 0x000001cc552a15a0, 0x000001cc552a29e0, 0x000001cc552a0160,
0x000001cc5529d8e0, 0x000001cc552a0670, 0x000001cc5529ba80, 0x000001cc5529bf90,
0x000001cc5529c4a0, 0x000001cc5529c9b0, 0x000001cc55541570, 0x000001cc55544d20,
0x000001cc555433d0, 0x000001cc55542ec0, 0x000001cc55546160, 0x000001cc568742a0,
0x000001cc56872950, 0x000001cc568747b0, 0x000001cc568751d0, 0x000001cc56875bf0,
0x000001cc56876b20, 0x000001cc581ab980, 0x000001cc581adcf0, 0x000001cc581acdc0,
0x000001cc581a9100, 0x000001cc581a86e0, 0x000001cc581ae710, 0x000001cc555484d0,
0x000001cc55545230, 0x000001cc555438e0, 0x000001cc55543df0, 0x000001cc55541f90,
0x000001cc581aaa50, 0x000001cc55d2cf10, 0x000001cc55d2c4f0, 0x000001cc55d2e860,
0x000001cc55d2b5c0, 0x000001cc55d2fca0, 0x000001cc56871a20, 0x000001cc55d306c0,
0x000001cc55d310e0
}

Java Threads: ( => current thread )
  0x000001cc36993270 JavaThread "main" [_thread_blocked, id=16040, stack(0x000000a6a5100000,0x000000a6a5200000)]
  0x000001cc4a819020 JavaThread "Reference Handler" daemon [_thread_blocked, id=8836, stack(0x000000a6a5400000,0x000000a6a5500000)]
  0x000001cc4a81a640 JavaThread "Finalizer" daemon [_thread_blocked, id=34600, stack(0x000000a6a5500000,0x000000a6a5600000)]
  0x000001cc4fa35340 JavaThread "Signal Dispatcher" daemon [_thread_blocked, id=5716, stack(0x000000a6a5600000,0x000000a6a5700000)]
  0x000001cc4fa360d0 JavaThread "Attach Listener" daemon [_thread_blocked, id=27844, stack(0x000000a6a5700000,0x000000a6a5800000)]
  0x000001cc4fa376f0 JavaThread "Service Thread" daemon [_thread_blocked, id=27496, stack(0x000000a6a5800000,0x000000a6a5900000)]
  0x000001cc4fa39bc0 JavaThread "Monitor Deflation Thread" daemon [_thread_blocked, id=24204, stack(0x000000a6a5900000,0x000000a6a5a00000)]
=>0x000001cc4fa3b7f0 JavaThread "C2 CompilerThread0" daemon [_thread_in_native, id=12472, stack(0x000000a6a5a00000,0x000000a6a5b00000)]
  0x000001cc4fa44c60 JavaThread "C1 CompilerThread0" daemon [_thread_blocked, id=33468, stack(0x000000a6a5b00000,0x000000a6a5c00000)]
  0x000001cc4fa56300 JavaThread "Sweeper thread" daemon [_thread_blocked, id=27432, stack(0x000000a6a5c00000,0x000000a6a5d00000)]
  0x000001cc4fb44030 JavaThread "Common-Cleaner" daemon [_thread_blocked, id=19556, stack(0x000000a6a5d00000,0x000000a6a5e00000)]
  0x000001cc52bf9290 JavaThread "Notification Thread" daemon [_thread_blocked, id=12132, stack(0x000000a6a6300000,0x000000a6a6400000)]
  0x000001cc534b29e0 JavaThread "Active Thread: Equinox Container: d0ae2eec-dfaf-4d69-9508-75bca107d7e4" [_thread_blocked, id=33444, stack(0x000000a6a6c00000,0x000000a6a6d00000)]
  0x000001cc4fbdc0d0 JavaThread "Framework Event Dispatcher: Equinox Container: d0ae2eec-dfaf-4d69-9508-75bca107d7e4" daemon [_thread_blocked, id=31596, stack(0x000000a6a5f00000,0x000000a6a6000000)]
  0x000001cc5336e540 JavaThread "Start Level: Equinox Container: d0ae2eec-dfaf-4d69-9508-75bca107d7e4" daemon [_thread_blocked, id=8580, stack(0x000000a6a6000000,0x000000a6a6100000)]
  0x000001cc53366a30 JavaThread "Bundle File Closer" daemon [_thread_blocked, id=33952, stack(0x000000a6a6600000,0x000000a6a6700000)]
  0x000001cc53364bd0 JavaThread "SCR Component Actor" daemon [_thread_blocked, id=25132, stack(0x000000a6a5e00000,0x000000a6a5f00000)]
  0x000001cc53366520 JavaThread "Worker-JM" [_thread_blocked, id=24344, stack(0x000000a6a7000000,0x000000a6a7100000)]
  0x000001cc533641b0 JavaThread "Java indexing" daemon [_thread_blocked, id=38072, stack(0x000000a6a8000000,0x000000a6a8100000)]
  0x000001cc533655f0 JavaThread "JNA Cleaner" daemon [_thread_blocked, id=39804, stack(0x000000a6a8200000,0x000000a6a8300000)]
  0x000001cc53365b00 JavaThread "Thread-2" daemon [_thread_in_native, id=35408, stack(0x000000a6a8300000,0x000000a6a8400000)]
  0x000001cc552a1ab0 JavaThread "Thread-3" daemon [_thread_in_native, id=34064, stack(0x000000a6a8400000,0x000000a6a8500000)]
  0x000001cc5529fc50 JavaThread "Thread-4" daemon [_thread_in_native, id=37908, stack(0x000000a6a8500000,0x000000a6a8600000)]
  0x000001cc5529d3d0 JavaThread "Thread-5" daemon [_thread_in_native, id=38816, stack(0x000000a6a8600000,0x000000a6a8700000)]
  0x000001cc552a0b80 JavaThread "Thread-6" daemon [_thread_in_native, id=22464, stack(0x000000a6a8700000,0x000000a6a8800000)]
  0x000001cc5529ed20 JavaThread "Thread-7" daemon [_thread_in_native, id=18268, stack(0x000000a6a8800000,0x000000a6a8900000)]
  0x000001cc552a1fc0 JavaThread "Thread-8" daemon [_thread_in_native, id=37964, stack(0x000000a6a8900000,0x000000a6a8a00000)]
  0x000001cc552a24d0 JavaThread "Thread-9" daemon [_thread_in_native, id=25108, stack(0x000000a6a8a00000,0x000000a6a8b00000)]
  0x000001cc5529e300 JavaThread "Thread-10" daemon [_thread_in_native, id=23664, stack(0x000000a6a8b00000,0x000000a6a8c00000)]
  0x000001cc5529e810 JavaThread "Thread-11" daemon [_thread_in_native, id=23948, stack(0x000000a6a8c00000,0x000000a6a8d00000)]
  0x000001cc5529ddf0 JavaThread "Thread-12" daemon [_thread_in_native, id=2152, stack(0x000000a6a8d00000,0x000000a6a8e00000)]
  0x000001cc5529b060 JavaThread "Thread-13" daemon [_thread_in_native, id=37216, stack(0x000000a6a8e00000,0x000000a6a8f00000)]
  0x000001cc5529b570 JavaThread "Thread-14" daemon [_thread_in_native, id=23964, stack(0x000000a6a8f00000,0x000000a6a9000000)]
  0x000001cc552a1090 JavaThread "Thread-15" daemon [_thread_in_native, id=25520, stack(0x000000a6a9000000,0x000000a6a9100000)]
  0x000001cc5529f230 JavaThread "Thread-16" daemon [_thread_in_native, id=16196, stack(0x000000a6a9100000,0x000000a6a9200000)]
  0x000001cc5529f740 JavaThread "Thread-17" daemon [_thread_in_native, id=29180, stack(0x000000a6a9200000,0x000000a6a9300000)]
  0x000001cc5529cec0 JavaThread "Thread-18" daemon [_thread_in_native, id=7060, stack(0x000000a6a9300000,0x000000a6a9400000)]
  0x000001cc552a15a0 JavaThread "Thread-19" daemon [_thread_in_native, id=29420, stack(0x000000a6a9400000,0x000000a6a9500000)]
  0x000001cc552a29e0 JavaThread "Thread-20" daemon [_thread_in_native, id=19700, stack(0x000000a6a9500000,0x000000a6a9600000)]
  0x000001cc552a0160 JavaThread "Thread-21" daemon [_thread_in_native, id=23888, stack(0x000000a6a9600000,0x000000a6a9700000)]
  0x000001cc5529d8e0 JavaThread "Thread-22" daemon [_thread_in_native, id=35940, stack(0x000000a6a9700000,0x000000a6a9800000)]
  0x000001cc552a0670 JavaThread "Thread-23" daemon [_thread_in_native, id=1632, stack(0x000000a6a9800000,0x000000a6a9900000)]
  0x000001cc5529ba80 JavaThread "Thread-24" daemon [_thread_in_native, id=26876, stack(0x000000a6a9900000,0x000000a6a9a00000)]
  0x000001cc5529bf90 JavaThread "Thread-25" daemon [_thread_in_native, id=36668, stack(0x000000a6a9a00000,0x000000a6a9b00000)]
  0x000001cc5529c4a0 JavaThread "Thread-26" daemon [_thread_in_native, id=8468, stack(0x000000a6a9b00000,0x000000a6a9c00000)]
  0x000001cc5529c9b0 JavaThread "pool-2-thread-1" [_thread_blocked, id=36248, stack(0x000000a6a9c00000,0x000000a6a9d00000)]
  0x000001cc55541570 JavaThread "WorkspaceEventsHandler" [_thread_blocked, id=23724, stack(0x000000a6a9d00000,0x000000a6a9e00000)]
  0x000001cc55544d20 JavaThread "pool-1-thread-1" [_thread_blocked, id=38004, stack(0x000000a6a9e00000,0x000000a6a9f00000)]
  0x000001cc555433d0 JavaThread "pool-3-thread-1" [_thread_in_native, id=38976, stack(0x000000a6aa400000,0x000000a6aa500000)]
  0x000001cc55542ec0 JavaThread "Cleaner-0" daemon [_thread_blocked, id=40916, stack(0x000000a6aac00000,0x000000a6aad00000)]
  0x000001cc55546160 JavaThread "ForkJoinPool.commonPool-worker-70" daemon [_thread_blocked, id=28368, stack(0x000000a6a4e00000,0x000000a6a4f00000)]
  0x000001cc568742a0 JavaThread "ForkJoinPool.commonPool-worker-125" daemon [_thread_blocked, id=40680, stack(0x000000a6a6f00000,0x000000a6a7000000)]
  0x000001cc56872950 JavaThread "ForkJoinPool.commonPool-worker-126" daemon [_thread_blocked, id=36084, stack(0x000000a6a7300000,0x000000a6a7400000)]
  0x000001cc568747b0 JavaThread "ForkJoinPool.commonPool-worker-127" daemon [_thread_blocked, id=36104, stack(0x000000a6a7400000,0x000000a6a7500000)]
  0x000001cc568751d0 JavaThread "ForkJoinPool.commonPool-worker-128" daemon [_thread_blocked, id=18896, stack(0x000000a6a7500000,0x000000a6a7600000)]
  0x000001cc56875bf0 JavaThread "ForkJoinPool.commonPool-worker-129" daemon [_thread_blocked, id=24812, stack(0x000000a6a7600000,0x000000a6a7700000)]
  0x000001cc56876b20 JavaThread "ForkJoinPool.commonPool-worker-130" daemon [_thread_blocked, id=40048, stack(0x000000a6a7700000,0x000000a6a7800000)]
  0x000001cc581ab980 JavaThread "ForkJoinPool.commonPool-worker-131" daemon [_thread_blocked, id=10232, stack(0x000000a6a7800000,0x000000a6a7900000)]
  0x000001cc581adcf0 JavaThread "ForkJoinPool.commonPool-worker-132" daemon [_thread_blocked, id=6616, stack(0x000000a6a7900000,0x000000a6a7a00000)]
  0x000001cc581acdc0 JavaThread "ForkJoinPool.commonPool-worker-133" daemon [_thread_blocked, id=39824, stack(0x000000a6a7b00000,0x000000a6a7c00000)]
  0x000001cc581a9100 JavaThread "ForkJoinPool.commonPool-worker-134" daemon [_thread_blocked, id=23732, stack(0x000000a6aa000000,0x000000a6aa100000)]
  0x000001cc581a86e0 JavaThread "ForkJoinPool.commonPool-worker-135" daemon [_thread_blocked, id=11804, stack(0x000000a6aa100000,0x000000a6aa200000)]
  0x000001cc581ae710 JavaThread "ForkJoinPool.commonPool-worker-136" daemon [_thread_blocked, id=20436, stack(0x000000a6aa200000,0x000000a6aa300000)]
  0x000001cc555484d0 JavaThread "ForkJoinPool.commonPool-worker-137" daemon [_thread_blocked, id=31320, stack(0x000000a6aa300000,0x000000a6aa400000)]
  0x000001cc55545230 JavaThread "ForkJoinPool.commonPool-worker-138" daemon [_thread_blocked, id=28700, stack(0x000000a6aa600000,0x000000a6aa700000)]
  0x000001cc555438e0 JavaThread "ForkJoinPool.commonPool-worker-139" daemon [_thread_blocked, id=24324, stack(0x000000a6aa800000,0x000000a6aa900000)]
  0x000001cc55543df0 JavaThread "ForkJoinPool.commonPool-worker-140" daemon [_thread_blocked, id=9132, stack(0x000000a6aa700000,0x000000a6aa800000)]
  0x000001cc55541f90 JavaThread "ForkJoinPool.commonPool-worker-141" daemon [_thread_blocked, id=19856, stack(0x000000a6aae00000,0x000000a6aaf00000)]
  0x000001cc581aaa50 JavaThread "ForkJoinPool.commonPool-worker-142" daemon [_thread_blocked, id=10988, stack(0x000000a6aaf00000,0x000000a6ab000000)]
  0x000001cc55d2cf10 JavaThread "ForkJoinPool.commonPool-worker-144" daemon [_thread_blocked, id=30328, stack(0x000000a6a4f00000,0x000000a6a5000000)]
  0x000001cc55d2c4f0 JavaThread "ForkJoinPool.commonPool-worker-145" daemon [_thread_blocked, id=37360, stack(0x000000a6a6500000,0x000000a6a6600000)]
  0x000001cc55d2e860 JavaThread "Worker-24" [_thread_blocked, id=10656, stack(0x000000a6aaa00000,0x000000a6aab00000)]
  0x000001cc55d2b5c0 JavaThread "ForkJoinPool.commonPool-worker-146" daemon [_thread_blocked, id=8004, stack(0x000000a6a9f00000,0x000000a6aa000000)]
  0x000001cc55d2fca0 JavaThread "Worker-25" [_thread_blocked, id=39484, stack(0x000000a6aa500000,0x000000a6aa600000)]
  0x000001cc56871a20 JavaThread "ForkJoinPool.commonPool-worker-147" daemon [_thread_blocked, id=9204, stack(0x000000a6a5000000,0x000000a6a5100000)]
  0x000001cc55d306c0 JavaThread "pool-1-thread-10" [_thread_blocked, id=13164, stack(0x000000a6aa900000,0x000000a6aaa00000)]
  0x000001cc55d310e0 JavaThread "Worker-28" [_thread_blocked, id=39020, stack(0x000000a6aad00000,0x000000a6aae00000)]

Other Threads:
  0x000001cc4a7078d0 VMThread "VM Thread" [stack: 0x000000a6a5300000,0x000000a6a5400000] [id=23992]
  0x000001cc52bf9770 WatcherThread [stack: 0x000000a6a6400000,0x000000a6a6500000] [id=3676]
  0x000001cc369a82f0 GCTaskThread "GC Thread#0" [stack: 0x000000a6a5200000,0x000000a6a5300000] [id=39680]
  0x000001cc53144860 GCTaskThread "GC Thread#1" [stack: 0x000000a6a6700000,0x000000a6a6800000] [id=20920]
  0x000001cc52f3cae0 GCTaskThread "GC Thread#2" [stack: 0x000000a6a6800000,0x000000a6a6900000] [id=20212]
  0x000001cc52f3cda0 GCTaskThread "GC Thread#3" [stack: 0x000000a6a6900000,0x000000a6a6a00000] [id=17896]
  0x000001cc52f3d060 GCTaskThread "GC Thread#4" [stack: 0x000000a6a6a00000,0x000000a6a6b00000] [id=11348]
  0x000001cc5323dcf0 GCTaskThread "GC Thread#5" [stack: 0x000000a6a6b00000,0x000000a6a6c00000] [id=14964]
  0x000001cc5336b9d0 GCTaskThread "GC Thread#6" [stack: 0x000000a6a6100000,0x000000a6a6200000] [id=27800]
  0x000001cc535af190 GCTaskThread "GC Thread#7" [stack: 0x000000a6a6200000,0x000000a6a6300000] [id=8508]
  0x000001cc4fb95ac0 GCTaskThread "GC Thread#8" [stack: 0x000000a6a6d00000,0x000000a6a6e00000] [id=7356]
  0x000001cc53778460 GCTaskThread "GC Thread#9" [stack: 0x000000a6a6e00000,0x000000a6a6f00000] [id=32856]
  0x000001cc52d5a290 GCTaskThread "GC Thread#10" [stack: 0x000000a6a7100000,0x000000a6a7200000] [id=31004]
  0x000001cc52d5a550 GCTaskThread "GC Thread#11" [stack: 0x000000a6a7200000,0x000000a6a7300000] [id=32208]
  0x000001cc53a94840 GCTaskThread "GC Thread#12" [stack: 0x000000a6a7a00000,0x000000a6a7b00000] [id=31348]
  0x000001cc53c46d90 GCTaskThread "GC Thread#13" [stack: 0x000000a6a7c00000,0x000000a6a7d00000] [id=21324]
  0x000001cc53c480d0 GCTaskThread "GC Thread#14" [stack: 0x000000a6a7d00000,0x000000a6a7e00000] [id=33600]
  0x000001cc53c46ad0 GCTaskThread "GC Thread#15" [stack: 0x000000a6a7e00000,0x000000a6a7f00000] [id=10060]
  0x000001cc53c46810 GCTaskThread "GC Thread#16" [stack: 0x000000a6a7f00000,0x000000a6a8000000] [id=22008]
  0x000001cc53c47310 GCTaskThread "GC Thread#17" [stack: 0x000000a6a8100000,0x000000a6a8200000] [id=38580]

Threads with active compile tasks:
C2 CompilerThread0  14332684 30844       4       org.eclipse.jdt.internal.compiler.util.Sorting::sort (88 bytes)

VM state: not at safepoint (normal execution)

VM Mutex/Monitor currently owned by a thread: None

Heap address: 0x00000000c0000000, size: 1024 MB, Compressed Oops mode: 32-bit

CDS archive(s) not mapped
Compressed class space mapped at: 0x0000000100000000-0x0000000140000000, reserved size: 1073741824
Narrow klass base: 0x0000000000000000, Narrow klass shift: 3, Narrow klass range: 0x140000000

GC Precious Log:
 CPUs: 24 total, 24 available
 Memory: 65254M
 Large Page Support: Disabled
 NUMA Support: Disabled
 Compressed Oops: Enabled (32-bit)
 Alignments: Space 512K, Generation 512K, Heap 2M
 Heap Min Capacity: 100M
 Heap Initial Capacity: 100M
 Heap Max Capacity: 1G
 Pre-touch: Disabled
 Parallel Workers: 18

Heap:
 PSYoungGen      total 14336K, used 2774K [0x00000000eab00000, 0x00000000ebc00000, 0x0000000100000000)
  eden space 12800K, 9% used [0x00000000eab00000,0x00000000eac39880,0x00000000eb780000)
  from space 1536K, 99% used [0x00000000eb780000,0x00000000eb8fc300,0x00000000eb900000)
  to   space 1536K, 0% used [0x00000000eb900000,0x00000000eb900000,0x00000000eba80000)
 ParOldGen       total 629760K, used 619833K [0x00000000c0000000, 0x00000000e6700000, 0x00000000eab00000)
  object space 629760K, 98% used [0x00000000c0000000,0x00000000e5d4e550,0x00000000e6700000)
 Metaspace       used 91474K, committed 92672K, reserved 1179648K
  class space    used 8683K, committed 9216K, reserved 1048576K

Card table byte_map: [0x000001cc36330000,0x000001cc36540000] _byte_map_base: 0x000001cc35d30000

Marking Bits: (ParMarkBitMap*) 0x00007fffda73d820
 Begin Bits: [0x000001cc48620000, 0x000001cc49620000)
 End Bits:   [0x000001cc49620000, 0x000001cc4a620000)

Polling page: 0x000001cc348a0000

Metaspace:

Usage:
  Non-class:     80.85 MB used.
      Class:      8.48 MB used.
       Both:     89.33 MB used.

Virtual space:
  Non-class space:      128.00 MB reserved,      81.50 MB ( 64%) committed,  2 nodes.
      Class space:        1.00 GB reserved,       9.00 MB ( <1%) committed,  1 nodes.
             Both:        1.12 GB reserved,      90.50 MB (  8%) committed. 

Chunk freelists:
   Non-Class:  14.37 MB
       Class:  6.83 MB
        Both:  21.21 MB

MaxMetaspaceSize: unlimited
CompressedClassSpaceSize: 1.00 GB
Initial GC threshold: 21.00 MB
Current GC threshold: 150.62 MB
CDS: off
MetaspaceReclaimPolicy: balanced
 - commit_granule_bytes: 65536.
 - commit_granule_words: 8192.
 - virtual_space_node_default_size: 8388608.
 - enlarge_chunks_in_place: 1.
 - new_chunks_are_fully_committed: 0.
 - uncommit_free_chunks: 1.
 - use_allocation_guard: 0.
 - handle_deallocations: 1.


Internal statistics:

num_allocs_failed_limit: 6.
num_arena_births: 1240.
num_arena_deaths: 460.
num_vsnodes_births: 3.
num_vsnodes_deaths: 0.
num_space_committed: 1448.
num_space_uncommitted: 0.
num_chunks_returned_to_freelist: 516.
num_chunks_taken_from_freelist: 5368.
num_chunk_merges: 193.
num_chunk_splits: 3193.
num_chunks_enlarged: 1841.
num_inconsistent_stats: 0.

CodeHeap 'non-profiled nmethods': size=119168Kb used=36399Kb max_used=36729Kb free=82768Kb
 bounds [0x000001cc411c0000, 0x000001cc435c0000, 0x000001cc48620000]
CodeHeap 'profiled nmethods': size=119104Kb used=40281Kb max_used=42070Kb free=78822Kb
 bounds [0x000001cc39620000, 0x000001cc3bf40000, 0x000001cc40a70000]
CodeHeap 'non-nmethods': size=7488Kb used=1428Kb max_used=3232Kb free=6059Kb
 bounds [0x000001cc40a70000, 0x000001cc40dd0000, 0x000001cc411c0000]
 total_blobs=21392 nmethods=20618 adapters=683
 compilation: enabled
              stopped_count=0, restarted_count=0
 full_count=0

Compilation events (20 events):
Event: 14313.724 Thread 0x000001cc4fa3b7f0 nmethod 30833 0x000001cc43483190 code [0x000001cc434839a0, 0x000001cc434891b8]
Event: 14313.724 Thread 0x000001cc4fa3b7f0 30837       4       org.eclipse.jdt.core.dom.TypeBinding::isAnnotation (8 bytes)
Event: 14313.724 Thread 0x000001cc4fa3b7f0 nmethod 30837 0x000001cc411cc490 code [0x000001cc411cc600, 0x000001cc411cc698]
Event: 14313.724 Thread 0x000001cc4fa3b7f0 30836       4       org.eclipse.jdt.core.dom.TypeBinding::isTypeVariable (24 bytes)
Event: 14313.725 Thread 0x000001cc4fa3b7f0 nmethod 30836 0x000001cc416c3490 code [0x000001cc416c3620, 0x000001cc416c36f8]
Event: 14313.725 Thread 0x000001cc4fa3b7f0 30834       4       org.eclipse.jdt.core.dom.TypeBinding::isGenericType (30 bytes)
Event: 14313.725 Thread 0x000001cc4fa3b7f0 nmethod 30834 0x000001cc4282c290 code [0x000001cc4282c420, 0x000001cc4282c518]
Event: 14327.305 Thread 0x000001cc4fa44c60 30838       3       com.sun.org.apache.xerces.internal.dom.ElementImpl::<init> (16 bytes)
Event: 14327.305 Thread 0x000001cc4fa44c60 nmethod 30838 0x000001cc3a1e1710 code [0x000001cc3a1e18c0, 0x000001cc3a1e1c38]
Event: 14327.305 Thread 0x000001cc4fa44c60 30839       3       java.util.Hashtable::rehash (142 bytes)
Event: 14327.306 Thread 0x000001cc4fa44c60 nmethod 30839 0x000001cc3ab54e90 code [0x000001cc3ab550a0, 0x000001cc3ab556a8]
Event: 14327.309 Thread 0x000001cc4fa44c60 30840       3       java.io.FilterOutputStream::<init> (21 bytes)
Event: 14327.309 Thread 0x000001cc4fa44c60 nmethod 30840 0x000001cc39c4ab10 code [0x000001cc39c4acc0, 0x000001cc39c4af58]
Event: 14327.310 Thread 0x000001cc4fa44c60 30841   !   3       java.io.FilterOutputStream::close (183 bytes)
Event: 14327.310 Thread 0x000001cc4fa44c60 nmethod 30841 0x000001cc3b000610 code [0x000001cc3b000860, 0x000001cc3b001398]
Event: 14332.628 Thread 0x000001cc4fa44c60 30842       3       org.eclipse.jdt.internal.codeassist.impl.AssistParser::consumeToken (336 bytes)
Event: 14332.628 Thread 0x000001cc4fa44c60 nmethod 30842 0x000001cc3a75a710 code [0x000001cc3a75aa20, 0x000001cc3a75c2b8]
Event: 14332.629 Thread 0x000001cc4fa3b7f0 30843       4       org.eclipse.jdt.internal.codeassist.impl.AssistParser::topKnownElementInfo (7 bytes)
Event: 14332.630 Thread 0x000001cc4fa3b7f0 nmethod 30843 0x000001cc41d5ee10 code [0x000001cc41d5efa0, 0x000001cc41d5f1d8]
Event: 14332.638 Thread 0x000001cc4fa3b7f0 30844       4       org.eclipse.jdt.internal.compiler.util.Sorting::sort (88 bytes)

GC Heap History (20 events):
Event: 14312.653 GC heap before
{Heap before GC invocations=9196 (full 202):
 PSYoungGen      total 14336K, used 14321K [0x00000000eab00000, 0x00000000ecf00000, 0x0000000100000000)
  eden space 9216K, 100% used [0x00000000eab00000,0x00000000eb400000,0x00000000eb400000)
  from space 5120K, 99% used [0x00000000eb400000,0x00000000eb8fc7e8,0x00000000eb900000)
  to   space 13824K, 0% used [0x00000000ec180000,0x00000000ec180000,0x00000000ecf00000)
 ParOldGen       total 629760K, used 611536K [0x00000000c0000000, 0x00000000e6700000, 0x00000000eab00000)
  object space 629760K, 97% used [0x00000000c0000000,0x00000000e5534198,0x00000000e6700000)
 Metaspace       used 91443K, committed 92544K, reserved 1179648K
  class space    used 8682K, committed 9216K, reserved 1048576K
}
Event: 14312.655 GC heap after
{Heap after GC invocations=9196 (full 202):
 PSYoungGen      total 16384K, used 5702K [0x00000000eab00000, 0x00000000ec780000, 0x0000000100000000)
  eden space 10240K, 0% used [0x00000000eab00000,0x00000000eab00000,0x00000000eb500000)
  from space 6144K, 92% used [0x00000000ec180000,0x00000000ec711b10,0x00000000ec780000)
  to   space 8192K, 0% used [0x00000000eb780000,0x00000000eb780000,0x00000000ebf80000)
 ParOldGen       total 629760K, used 613595K [0x00000000c0000000, 0x00000000e6700000, 0x00000000eab00000)
  object space 629760K, 97% used [0x00000000c0000000,0x00000000e5736e38,0x00000000e6700000)
 Metaspace       used 91443K, committed 92544K, reserved 1179648K
  class space    used 8682K, committed 9216K, reserved 1048576K
}
Event: 14312.669 GC heap before
{Heap before GC invocations=9197 (full 202):
 PSYoungGen      total 16384K, used 15942K [0x00000000eab00000, 0x00000000ec780000, 0x0000000100000000)
  eden space 10240K, 100% used [0x00000000eab00000,0x00000000eb500000,0x00000000eb500000)
  from space 6144K, 92% used [0x00000000ec180000,0x00000000ec711b10,0x00000000ec780000)
  to   space 8192K, 0% used [0x00000000eb780000,0x00000000eb780000,0x00000000ebf80000)
 ParOldGen       total 629760K, used 613595K [0x00000000c0000000, 0x00000000e6700000, 0x00000000eab00000)
  object space 629760K, 97% used [0x00000000c0000000,0x00000000e5736e38,0x00000000e6700000)
 Metaspace       used 91443K, committed 92544K, reserved 1179648K
  class space    used 8682K, committed 9216K, reserved 1048576K
}
Event: 14312.671 GC heap after
{Heap after GC invocations=9197 (full 202):
 PSYoungGen      total 15360K, used 3994K [0x00000000eab00000, 0x00000000ec200000, 0x0000000100000000)
  eden space 11264K, 0% used [0x00000000eab00000,0x00000000eab00000,0x00000000eb600000)
  from space 4096K, 97% used [0x00000000eb780000,0x00000000ebb66920,0x00000000ebb80000)
  to   space 5120K, 0% used [0x00000000ebd00000,0x00000000ebd00000,0x00000000ec200000)
 ParOldGen       total 629760K, used 613595K [0x00000000c0000000, 0x00000000e6700000, 0x00000000eab00000)
  object space 629760K, 97% used [0x00000000c0000000,0x00000000e5736e38,0x00000000e6700000)
 Metaspace       used 91443K, committed 92544K, reserved 1179648K
  class space    used 8682K, committed 9216K, reserved 1048576K
}
Event: 14313.427 GC heap before
{Heap before GC invocations=9198 (full 202):
 PSYoungGen      total 15360K, used 15258K [0x00000000eab00000, 0x00000000ec200000, 0x0000000100000000)
  eden space 11264K, 100% used [0x00000000eab00000,0x00000000eb600000,0x00000000eb600000)
  from space 4096K, 97% used [0x00000000eb780000,0x00000000ebb66920,0x00000000ebb80000)
  to   space 5120K, 0% used [0x00000000ebd00000,0x00000000ebd00000,0x00000000ec200000)
 ParOldGen       total 629760K, used 613595K [0x00000000c0000000, 0x00000000e6700000, 0x00000000eab00000)
  object space 629760K, 97% used [0x00000000c0000000,0x00000000e5736e38,0x00000000e6700000)
 Metaspace       used 91443K, committed 92544K, reserved 1179648K
  class space    used 8682K, committed 9216K, reserved 1048576K
}
Event: 14313.428 GC heap after
{Heap after GC invocations=9198 (full 202):
 PSYoungGen      total 15872K, used 4180K [0x00000000eab00000, 0x00000000ec180000, 0x0000000100000000)
  eden space 11264K, 0% used [0x00000000eab00000,0x00000000eab00000,0x00000000eb600000)
  from space 4608K, 90% used [0x00000000ebd00000,0x00000000ec115220,0x00000000ec180000)
  to   space 4608K, 0% used [0x00000000eb880000,0x00000000eb880000,0x00000000ebd00000)
 ParOldGen       total 629760K, used 613595K [0x00000000c0000000, 0x00000000e6700000, 0x00000000eab00000)
  object space 629760K, 97% used [0x00000000c0000000,0x00000000e5736e38,0x00000000e6700000)
 Metaspace       used 91443K, committed 92544K, reserved 1179648K
  class space    used 8682K, committed 9216K, reserved 1048576K
}
Event: 14313.486 GC heap before
{Heap before GC invocations=9199 (full 202):
 PSYoungGen      total 15872K, used 15444K [0x00000000eab00000, 0x00000000ec180000, 0x0000000100000000)
  eden space 11264K, 100% used [0x00000000eab00000,0x00000000eb600000,0x00000000eb600000)
  from space 4608K, 90% used [0x00000000ebd00000,0x00000000ec115220,0x00000000ec180000)
  to   space 4608K, 0% used [0x00000000eb880000,0x00000000eb880000,0x00000000ebd00000)
 ParOldGen       total 629760K, used 613595K [0x00000000c0000000, 0x00000000e6700000, 0x00000000eab00000)
  object space 629760K, 97% used [0x00000000c0000000,0x00000000e5736e38,0x00000000e6700000)
 Metaspace       used 91466K, committed 92608K, reserved 1179648K
  class space    used 8682K, committed 9216K, reserved 1048576K
}
Event: 14313.488 GC heap after
{Heap after GC invocations=9199 (full 202):
 PSYoungGen      total 15872K, used 4600K [0x00000000eab00000, 0x00000000ec000000, 0x0000000100000000)
  eden space 11264K, 0% used [0x00000000eab00000,0x00000000eab00000,0x00000000eb600000)
  from space 4608K, 99% used [0x00000000eb880000,0x00000000ebcfe088,0x00000000ebd00000)
  to   space 3072K, 0% used [0x00000000ebd00000,0x00000000ebd00000,0x00000000ec000000)
 ParOldGen       total 629760K, used 613683K [0x00000000c0000000, 0x00000000e6700000, 0x00000000eab00000)
  object space 629760K, 97% used [0x00000000c0000000,0x00000000e574ce38,0x00000000e6700000)
 Metaspace       used 91466K, committed 92608K, reserved 1179648K
  class space    used 8682K, committed 9216K, reserved 1048576K
}
Event: 14313.579 GC heap before
{Heap before GC invocations=9200 (full 202):
 PSYoungGen      total 15872K, used 15864K [0x00000000eab00000, 0x00000000ec000000, 0x0000000100000000)
  eden space 11264K, 100% used [0x00000000eab00000,0x00000000eb600000,0x00000000eb600000)
  from space 4608K, 99% used [0x00000000eb880000,0x00000000ebcfe088,0x00000000ebd00000)
  to   space 3072K, 0% used [0x00000000ebd00000,0x00000000ebd00000,0x00000000ec000000)
 ParOldGen       total 629760K, used 613683K [0x00000000c0000000, 0x00000000e6700000, 0x00000000eab00000)
  object space 629760K, 97% used [0x00000000c0000000,0x00000000e574ce38,0x00000000e6700000)
 Metaspace       used 91470K, committed 92608K, reserved 1179648K
  class space    used 8682K, committed 9216K, reserved 1048576K
}
Event: 14313.581 GC heap after
{Heap after GC invocations=9200 (full 202):
 PSYoungGen      total 14336K, used 3070K [0x00000000eab00000, 0x00000000ec300000, 0x0000000100000000)
  eden space 11264K, 0% used [0x00000000eab00000,0x00000000eab00000,0x00000000eb600000)
  from space 3072K, 99% used [0x00000000ebd00000,0x00000000ebfffb20,0x00000000ec000000)
  to   space 6656K, 0% used [0x00000000eb600000,0x00000000eb600000,0x00000000ebc80000)
 ParOldGen       total 629760K, used 616577K [0x00000000c0000000, 0x00000000e6700000, 0x00000000eab00000)
  object space 629760K, 97% used [0x00000000c0000000,0x00000000e5a20500,0x00000000e6700000)
 Metaspace       used 91470K, committed 92608K, reserved 1179648K
  class space    used 8682K, committed 9216K, reserved 1048576K
}
Event: 14313.589 GC heap before
{Heap before GC invocations=9201 (full 202):
 PSYoungGen      total 14336K, used 14334K [0x00000000eab00000, 0x00000000ec300000, 0x0000000100000000)
  eden space 11264K, 100% used [0x00000000eab00000,0x00000000eb600000,0x00000000eb600000)
  from space 3072K, 99% used [0x00000000ebd00000,0x00000000ebfffb20,0x00000000ec000000)
  to   space 6656K, 0% used [0x00000000eb600000,0x00000000eb600000,0x00000000ebc80000)
 ParOldGen       total 629760K, used 616577K [0x00000000c0000000, 0x00000000e6700000, 0x00000000eab00000)
  object space 629760K, 97% used [0x00000000c0000000,0x00000000e5a20500,0x00000000e6700000)
 Metaspace       used 91470K, committed 92608K, reserved 1179648K
  class space    used 8682K, committed 9216K, reserved 1048576K
}
Event: 14313.591 GC heap after
{Heap after GC invocations=9201 (full 202):
 PSYoungGen      total 12800K, used 1455K [0x00000000eab00000, 0x00000000ebd80000, 0x0000000100000000)
  eden space 11264K, 0% used [0x00000000eab00000,0x00000000eab00000,0x00000000eb600000)
  from space 1536K, 94% used [0x00000000eb600000,0x00000000eb76bfc8,0x00000000eb780000)
  to   space 3584K, 0% used [0x00000000eba00000,0x00000000eba00000,0x00000000ebd80000)
 ParOldGen       total 629760K, used 618609K [0x00000000c0000000, 0x00000000e6700000, 0x00000000eab00000)
  object space 629760K, 98% used [0x00000000c0000000,0x00000000e5c1c520,0x00000000e6700000)
 Metaspace       used 91470K, committed 92608K, reserved 1179648K
  class space    used 8682K, committed 9216K, reserved 1048576K
}
Event: 14313.601 GC heap before
{Heap before GC invocations=9202 (full 202):
 PSYoungGen      total 12800K, used 12719K [0x00000000eab00000, 0x00000000ebd80000, 0x0000000100000000)
  eden space 11264K, 100% used [0x00000000eab00000,0x00000000eb600000,0x00000000eb600000)
  from space 1536K, 94% used [0x00000000eb600000,0x00000000eb76bfc8,0x00000000eb780000)
  to   space 3584K, 0% used [0x00000000eba00000,0x00000000eba00000,0x00000000ebd80000)
 ParOldGen       total 629760K, used 618609K [0x00000000c0000000, 0x00000000e6700000, 0x00000000eab00000)
  object space 629760K, 98% used [0x00000000c0000000,0x00000000e5c1c520,0x00000000e6700000)
 Metaspace       used 91470K, committed 92608K, reserved 1179648K
  class space    used 8682K, committed 9216K, reserved 1048576K
}
Event: 14313.603 GC heap after
{Heap after GC invocations=9202 (full 202):
 PSYoungGen      total 14336K, used 1510K [0x00000000eab00000, 0x00000000ebb80000, 0x0000000100000000)
  eden space 12800K, 0% used [0x00000000eab00000,0x00000000eab00000,0x00000000eb780000)
  from space 1536K, 98% used [0x00000000eba00000,0x00000000ebb79888,0x00000000ebb80000)
  to   space 2048K, 0% used [0x00000000eb780000,0x00000000eb780000,0x00000000eb980000)
 ParOldGen       total 629760K, used 618609K [0x00000000c0000000, 0x00000000e6700000, 0x00000000eab00000)
  object space 629760K, 98% used [0x00000000c0000000,0x00000000e5c1c520,0x00000000e6700000)
 Metaspace       used 91470K, committed 92608K, reserved 1179648K
  class space    used 8682K, committed 9216K, reserved 1048576K
}
Event: 14313.774 GC heap before
{Heap before GC invocations=9203 (full 202):
 PSYoungGen      total 14336K, used 14310K [0x00000000eab00000, 0x00000000ebb80000, 0x0000000100000000)
  eden space 12800K, 100% used [0x00000000eab00000,0x00000000eb780000,0x00000000eb780000)
  from space 1536K, 98% used [0x00000000eba00000,0x00000000ebb79888,0x00000000ebb80000)
  to   space 2048K, 0% used [0x00000000eb780000,0x00000000eb780000,0x00000000eb980000)
 ParOldGen       total 629760K, used 618609K [0x00000000c0000000, 0x00000000e6700000, 0x00000000eab00000)
  object space 629760K, 98% used [0x00000000c0000000,0x00000000e5c1c520,0x00000000e6700000)
 Metaspace       used 91470K, committed 92608K, reserved 1179648K
  class space    used 8682K, committed 9216K, reserved 1048576K
}
Event: 14313.776 GC heap after
{Heap after GC invocations=9203 (full 202):
 PSYoungGen      total 14336K, used 1442K [0x00000000eab00000, 0x00000000eba80000, 0x0000000100000000)
  eden space 12800K, 0% used [0x00000000eab00000,0x00000000eab00000,0x00000000eb780000)
  from space 1536K, 93% used [0x00000000eb780000,0x00000000eb8e89a0,0x00000000eb900000)
  to   space 1536K, 0% used [0x00000000eb900000,0x00000000eb900000,0x00000000eba80000)
 ParOldGen       total 629760K, used 618609K [0x00000000c0000000, 0x00000000e6700000, 0x00000000eab00000)
  object space 629760K, 98% used [0x00000000c0000000,0x00000000e5c1c520,0x00000000e6700000)
 Metaspace       used 91470K, committed 92608K, reserved 1179648K
  class space    used 8682K, committed 9216K, reserved 1048576K
}
Event: 14313.783 GC heap before
{Heap before GC invocations=9204 (full 202):
 PSYoungGen      total 14336K, used 14242K [0x00000000eab00000, 0x00000000eba80000, 0x0000000100000000)
  eden space 12800K, 100% used [0x00000000eab00000,0x00000000eb780000,0x00000000eb780000)
  from space 1536K, 93% used [0x00000000eb780000,0x00000000eb8e89a0,0x00000000eb900000)
  to   space 1536K, 0% used [0x00000000eb900000,0x00000000eb900000,0x00000000eba80000)
 ParOldGen       total 629760K, used 618609K [0x00000000c0000000, 0x00000000e6700000, 0x00000000eab00000)
  object space 629760K, 98% used [0x00000000c0000000,0x00000000e5c1c520,0x00000000e6700000)
 Metaspace       used 91470K, committed 92608K, reserved 1179648K
  class space    used 8682K, committed 9216K, reserved 1048576K
}
Event: 14313.785 GC heap after
{Heap after GC invocations=9204 (full 202):
 PSYoungGen      total 14336K, used 1458K [0x00000000eab00000, 0x00000000ebc00000, 0x0000000100000000)
  eden space 12800K, 0% used [0x00000000eab00000,0x00000000eab00000,0x00000000eb780000)
  from space 1536K, 94% used [0x00000000eb900000,0x00000000eba6c990,0x00000000eba80000)
  to   space 1536K, 0% used [0x00000000eb780000,0x00000000eb780000,0x00000000eb900000)
 ParOldGen       total 629760K, used 618609K [0x00000000c0000000, 0x00000000e6700000, 0x00000000eab00000)
  object space 629760K, 98% used [0x00000000c0000000,0x00000000e5c1c520,0x00000000e6700000)
 Metaspace       used 91470K, committed 92608K, reserved 1179648K
  class space    used 8682K, committed 9216K, reserved 1048576K
}
Event: 14332.635 GC heap before
{Heap before GC invocations=9205 (full 202):
 PSYoungGen      total 14336K, used 14258K [0x00000000eab00000, 0x00000000ebc00000, 0x0000000100000000)
  eden space 12800K, 100% used [0x00000000eab00000,0x00000000eb780000,0x00000000eb780000)
  from space 1536K, 94% used [0x00000000eb900000,0x00000000eba6c990,0x00000000eba80000)
  to   space 1536K, 0% used [0x00000000eb780000,0x00000000eb780000,0x00000000eb900000)
 ParOldGen       total 629760K, used 618609K [0x00000000c0000000, 0x00000000e6700000, 0x00000000eab00000)
  object space 629760K, 98% used [0x00000000c0000000,0x00000000e5c1c520,0x00000000e6700000)
 Metaspace       used 91474K, committed 92672K, reserved 1179648K
  class space    used 8683K, committed 9216K, reserved 1048576K
}
Event: 14332.637 GC heap after
{Heap after GC invocations=9205 (full 202):
 PSYoungGen      total 14336K, used 1520K [0x00000000eab00000, 0x00000000ebc00000, 0x0000000100000000)
  eden space 12800K, 0% used [0x00000000eab00000,0x00000000eab00000,0x00000000eb780000)
  from space 1536K, 99% used [0x00000000eb780000,0x00000000eb8fc300,0x00000000eb900000)
  to   space 1536K, 0% used [0x00000000eb900000,0x00000000eb900000,0x00000000eba80000)
 ParOldGen       total 629760K, used 619833K [0x00000000c0000000, 0x00000000e6700000, 0x00000000eab00000)
  object space 629760K, 98% used [0x00000000c0000000,0x00000000e5d4e550,0x00000000e6700000)
 Metaspace       used 91474K, committed 92672K, reserved 1179648K
  class space    used 8683K, committed 9216K, reserved 1048576K
}

Dll operation events (10 events):
Event: 0.004 Loaded shared library c:\Users\quelf\.vscode\extensions\redhat.java-1.32.0-win32-x64\jre\17.0.11-win32-x86_64\bin\java.dll
Event: 0.086 Loaded shared library c:\Users\quelf\.vscode\extensions\redhat.java-1.32.0-win32-x64\jre\17.0.11-win32-x86_64\bin\zip.dll
Event: 0.088 Loaded shared library C:\Users\quelf\.vscode\extensions\redhat.java-1.32.0-win32-x64\jre\17.0.11-win32-x86_64\bin\instrument.dll
Event: 0.097 Loaded shared library C:\Users\quelf\.vscode\extensions\redhat.java-1.32.0-win32-x64\jre\17.0.11-win32-x86_64\bin\net.dll
Event: 0.098 Loaded shared library C:\Users\quelf\.vscode\extensions\redhat.java-1.32.0-win32-x64\jre\17.0.11-win32-x86_64\bin\nio.dll
Event: 0.103 Loaded shared library C:\Users\quelf\.vscode\extensions\redhat.java-1.32.0-win32-x64\jre\17.0.11-win32-x86_64\bin\zip.dll
Event: 0.114 Loaded shared library C:\Users\quelf\.vscode\extensions\redhat.java-1.32.0-win32-x64\jre\17.0.11-win32-x86_64\bin\jimage.dll
Event: 0.145 Loaded shared library c:\Users\quelf\.vscode\extensions\redhat.java-1.32.0-win32-x64\jre\17.0.11-win32-x86_64\bin\verify.dll
Event: 3.044 Loaded shared library C:\Users\quelf\AppData\Roaming\Code\User\globalStorage\redhat.java\1.32.0\config_win\org.eclipse.equinox.launcher\org.eclipse.equinox.launcher.win32.win32.x86_64_1.2.1100.v20240613-2013\eclipse_11903.dll
Event: 8.029 Loaded shared library C:\Users\quelf\AppData\Local\Temp\jna-107943931\jna3052136001584661705.dll

Deoptimization events (20 events):
Event: 14313.527 Thread 0x000001cc568747b0 Uncommon trap: trap_request=0xffffffc6 fr.pc=0x000001cc4302f6c8 relative=0x0000000000000868
Event: 14313.527 Thread 0x000001cc568747b0 Uncommon trap: reason=bimorphic_or_optimized_type_check action=maybe_recompile pc=0x000001cc4302f6c8 method=org.eclipse.jdt.ls.core.internal.semantictokens.TokenModifier.checkGeneric(Lorg/eclipse/jdt/core/dom/IBinding;)I @ 13 c2
Event: 14313.527 Thread 0x000001cc568747b0 DEOPT PACKING pc=0x000001cc4302f6c8 sp=0x000000a6a74fe160
Event: 14313.527 Thread 0x000001cc568747b0 DEOPT UNPACKING pc=0x000001cc40ac66a3 sp=0x000000a6a74fe0b8 mode 2
Event: 14332.628 Thread 0x000001cc568747b0 Uncommon trap: trap_request=0xffffff45 fr.pc=0x000001cc41e119f8 relative=0x0000000000000178
Event: 14332.628 Thread 0x000001cc568747b0 Uncommon trap: reason=unstable_if action=reinterpret pc=0x000001cc41e119f8 method=org.eclipse.jdt.core.compiler.CharOperation.endsWith([C[C)Z @ 9 c2
Event: 14332.628 Thread 0x000001cc568747b0 DEOPT PACKING pc=0x000001cc41e119f8 sp=0x000000a6a74fe590
Event: 14332.628 Thread 0x000001cc568747b0 DEOPT UNPACKING pc=0x000001cc40ac66a3 sp=0x000000a6a74fe520 mode 2
Event: 14332.628 Thread 0x000001cc568747b0 Uncommon trap: trap_request=0xffffff45 fr.pc=0x000001cc425bf920 relative=0x0000000000000640
Event: 14332.628 Thread 0x000001cc568747b0 Uncommon trap: reason=unstable_if action=reinterpret pc=0x000001cc425bf920 method=org.eclipse.jdt.internal.codeassist.impl.AssistParser.consumeToken(I)V @ 43 c2
Event: 14332.628 Thread 0x000001cc568747b0 DEOPT PACKING pc=0x000001cc425bf920 sp=0x000000a6a74fe270
Event: 14332.628 Thread 0x000001cc568747b0 DEOPT UNPACKING pc=0x000001cc40ac66a3 sp=0x000000a6a74fe210 mode 2
Event: 14332.628 Thread 0x000001cc568747b0 Uncommon trap: trap_request=0xffffff45 fr.pc=0x000001cc427001e8 relative=0x0000000000000428
Event: 14332.628 Thread 0x000001cc568747b0 Uncommon trap: reason=unstable_if action=reinterpret pc=0x000001cc427001e8 method=org.eclipse.jdt.internal.codeassist.impl.AssistParser.consumeForceNoDiet()V @ 35 c2
Event: 14332.628 Thread 0x000001cc568747b0 DEOPT PACKING pc=0x000001cc427001e8 sp=0x000000a6a74fe2f0
Event: 14332.628 Thread 0x000001cc568747b0 DEOPT UNPACKING pc=0x000001cc40ac66a3 sp=0x000000a6a74fe288 mode 2
Event: 14332.638 Thread 0x000001cc568747b0 Uncommon trap: trap_request=0xffffff45 fr.pc=0x000001cc42f00aa0 relative=0x00000000000042a0
Event: 14332.638 Thread 0x000001cc568747b0 Uncommon trap: reason=unstable_if action=reinterpret pc=0x000001cc42f00aa0 method=org.eclipse.jdt.internal.compiler.ast.LambdaExpression.analyzeShape()V @ 60 c2
Event: 14332.638 Thread 0x000001cc568747b0 DEOPT PACKING pc=0x000001cc42f00aa0 sp=0x000000a6a74fdb50
Event: 14332.638 Thread 0x000001cc568747b0 DEOPT UNPACKING pc=0x000001cc40ac66a3 sp=0x000000a6a74fda50 mode 2

Classes unloaded (20 events):
Event: 13279.559 Thread 0x000001cc4a7078d0 Unloading class 0x0000000100890c00 'java/lang/invoke/LambdaForm$MH+0x0000000100890c00'
Event: 13279.559 Thread 0x000001cc4a7078d0 Unloading class 0x0000000100894000 'java/lang/invoke/LambdaForm$MH+0x0000000100894000'
Event: 13279.559 Thread 0x000001cc4a7078d0 Unloading class 0x0000000100901400 'java/lang/invoke/LambdaForm$MH+0x0000000100901400'
Event: 13941.645 Thread 0x000001cc4a7078d0 Unloading class 0x0000000100913000 'java/lang/invoke/LambdaForm$MH+0x0000000100913000'
Event: 13941.645 Thread 0x000001cc4a7078d0 Unloading class 0x0000000100912c00 'java/lang/invoke/LambdaForm$MH+0x0000000100912c00'
Event: 13941.645 Thread 0x000001cc4a7078d0 Unloading class 0x0000000100912800 'java/lang/invoke/LambdaForm$MH+0x0000000100912800'
Event: 13941.645 Thread 0x000001cc4a7078d0 Unloading class 0x0000000100912400 'java/lang/invoke/LambdaForm$MH+0x0000000100912400'
Event: 13941.645 Thread 0x000001cc4a7078d0 Unloading class 0x0000000100912000 'java/lang/invoke/LambdaForm$MH+0x0000000100912000'
Event: 13941.645 Thread 0x000001cc4a7078d0 Unloading class 0x0000000100911c00 'java/lang/invoke/LambdaForm$MH+0x0000000100911c00'
Event: 13941.645 Thread 0x000001cc4a7078d0 Unloading class 0x0000000100911400 'java/lang/invoke/LambdaForm$MH+0x0000000100911400'
Event: 13941.645 Thread 0x000001cc4a7078d0 Unloading class 0x0000000100911000 'java/lang/invoke/LambdaForm$MH+0x0000000100911000'
Event: 13941.645 Thread 0x000001cc4a7078d0 Unloading class 0x0000000100910c00 'java/lang/invoke/LambdaForm$MH+0x0000000100910c00'
Event: 13941.645 Thread 0x000001cc4a7078d0 Unloading class 0x0000000100910800 'java/lang/invoke/LambdaForm$MH+0x0000000100910800'
Event: 13941.645 Thread 0x000001cc4a7078d0 Unloading class 0x0000000100910400 'java/lang/invoke/LambdaForm$MH+0x0000000100910400'
Event: 13941.645 Thread 0x000001cc4a7078d0 Unloading class 0x0000000100910000 'java/lang/invoke/LambdaForm$MH+0x0000000100910000'
Event: 13941.645 Thread 0x000001cc4a7078d0 Unloading class 0x0000000100901c00 'java/lang/invoke/LambdaForm$MH+0x0000000100901c00'
Event: 13941.645 Thread 0x000001cc4a7078d0 Unloading class 0x0000000100901800 'java/lang/invoke/LambdaForm$MH+0x0000000100901800'
Event: 14079.162 Thread 0x000001cc4a7078d0 Unloading class 0x0000000100920000 'java/lang/invoke/LambdaForm$MH+0x0000000100920000'
Event: 14079.162 Thread 0x000001cc4a7078d0 Unloading class 0x0000000100913c00 'java/lang/invoke/LambdaForm$MH+0x0000000100913c00'
Event: 14079.162 Thread 0x000001cc4a7078d0 Unloading class 0x0000000100913800 'java/lang/invoke/LambdaForm$MH+0x0000000100913800'

Classes redefined (0 events):
No events

Internal exceptions (20 events):
Event: 14313.502 Thread 0x000001cc568747b0 NullPointerException at vtable entry 0x000001cc40d8eba8
Event: 14313.502 Thread 0x000001cc568747b0 Exception <a 'java/lang/NullPointerException'{0x00000000eaea3e48}> (0x00000000eaea3e48) 
thrown [s\src\hotspot\share\runtime\sharedRuntime.cpp, line 631]
Event: 14313.502 Thread 0x000001cc568747b0 NullPointerException at vtable entry 0x000001cc40d8eba8
Event: 14313.502 Thread 0x000001cc568747b0 Exception <a 'java/lang/NullPointerException'{0x00000000eaea4818}> (0x00000000eaea4818) 
thrown [s\src\hotspot\share\runtime\sharedRuntime.cpp, line 631]
Event: 14313.502 Thread 0x000001cc568747b0 NullPointerException at vtable entry 0x000001cc40d8eba8
Event: 14313.502 Thread 0x000001cc568747b0 Exception <a 'java/lang/NullPointerException'{0x00000000eaea5550}> (0x00000000eaea5550) 
thrown [s\src\hotspot\share\runtime\sharedRuntime.cpp, line 631]
Event: 14313.502 Thread 0x000001cc568747b0 NullPointerException at vtable entry 0x000001cc40d8eba8
Event: 14313.503 Thread 0x000001cc568747b0 Exception <a 'java/lang/NullPointerException'{0x00000000eaea60f8}> (0x00000000eaea60f8) 
thrown [s\src\hotspot\share\runtime\sharedRuntime.cpp, line 631]
Event: 14313.503 Thread 0x000001cc568747b0 NullPointerException at vtable entry 0x000001cc40d8eba8
Event: 14313.503 Thread 0x000001cc568747b0 Exception <a 'java/lang/NullPointerException'{0x00000000eaea6cc0}> (0x00000000eaea6cc0) 
thrown [s\src\hotspot\share\runtime\sharedRuntime.cpp, line 631]
Event: 14332.639 Thread 0x000001cc568747b0 NullPointerException at vtable entry 0x000001cc40d8eba8
Event: 14332.639 Thread 0x000001cc568747b0 Exception <a 'java/lang/NullPointerException'{0x00000000eac03380}> (0x00000000eac03380) 
thrown [s\src\hotspot\share\runtime\sharedRuntime.cpp, line 631]
Event: 14332.639 Thread 0x000001cc568747b0 NullPointerException at vtable entry 0x000001cc40d8eba8
Event: 14332.639 Thread 0x000001cc568747b0 Exception <a 'java/lang/NullPointerException'{0x00000000eac03d50}> (0x00000000eac03d50) 
thrown [s\src\hotspot\share\runtime\sharedRuntime.cpp, line 631]
Event: 14332.639 Thread 0x000001cc568747b0 NullPointerException at vtable entry 0x000001cc40d8eba8
Event: 14332.639 Thread 0x000001cc568747b0 Exception <a 'java/lang/NullPointerException'{0x00000000eac04a88}> (0x00000000eac04a88) 
thrown [s\src\hotspot\share\runtime\sharedRuntime.cpp, line 631]
Event: 14332.639 Thread 0x000001cc568747b0 NullPointerException at vtable entry 0x000001cc40d8eba8
Event: 14332.639 Thread 0x000001cc568747b0 Exception <a 'java/lang/NullPointerException'{0x00000000eac05630}> (0x00000000eac05630) 
thrown [s\src\hotspot\share\runtime\sharedRuntime.cpp, line 631]
Event: 14332.639 Thread 0x000001cc568747b0 NullPointerException at vtable entry 0x000001cc40d8eba8
Event: 14332.639 Thread 0x000001cc568747b0 Exception <a 'java/lang/NullPointerException'{0x00000000eac061f8}> (0x00000000eac061f8) 
thrown [s\src\hotspot\share\runtime\sharedRuntime.cpp, line 631]

VM Operations (20 events):
Event: 14312.669 Executing VM operation: ParallelGCFailedAllocation
Event: 14312.671 Executing VM operation: ParallelGCFailedAllocation done
Event: 14313.427 Executing VM operation: ParallelGCFailedAllocation
Event: 14313.428 Executing VM operation: ParallelGCFailedAllocation done
Event: 14313.486 Executing VM operation: ParallelGCFailedAllocation
Event: 14313.488 Executing VM operation: ParallelGCFailedAllocation done
Event: 14313.510 Executing VM operation: HandshakeAllThreads
Event: 14313.510 Executing VM operation: HandshakeAllThreads done
Event: 14313.579 Executing VM operation: ParallelGCFailedAllocation
Event: 14313.581 Executing VM operation: ParallelGCFailedAllocation done
Event: 14313.589 Executing VM operation: ParallelGCFailedAllocation
Event: 14313.591 Executing VM operation: ParallelGCFailedAllocation done
Event: 14313.601 Executing VM operation: ParallelGCFailedAllocation
Event: 14313.603 Executing VM operation: ParallelGCFailedAllocation done
Event: 14313.774 Executing VM operation: ParallelGCFailedAllocation
Event: 14313.776 Executing VM operation: ParallelGCFailedAllocation done
Event: 14313.783 Executing VM operation: ParallelGCFailedAllocation
Event: 14313.785 Executing VM operation: ParallelGCFailedAllocation done
Event: 14332.635 Executing VM operation: ParallelGCFailedAllocation
Event: 14332.637 Executing VM operation: ParallelGCFailedAllocation done

Events (20 events):
Event: 14313.539 Thread 0x000001cc4fa56300 flushing nmethod 0x000001cc3b5ded90
Event: 14313.540 Thread 0x000001cc4fa56300 flushing nmethod 0x000001cc3b6c6c10
Event: 14313.540 Thread 0x000001cc4fa56300 flushing nmethod 0x000001cc3b729390
Event: 14313.540 Thread 0x000001cc4fa56300 flushing nmethod 0x000001cc3b74be10
Event: 14313.541 Thread 0x000001cc4fa56300 flushing nmethod 0x000001cc3b9ae310
Event: 14313.542 Thread 0x000001cc4fa56300 flushing nmethod 0x000001cc3bc29d90
Event: 14313.543 Thread 0x000001cc4fa56300 flushing nmethod 0x000001cc3bd19a90
Event: 14313.543 Thread 0x000001cc4fa56300 flushing nmethod 0x000001cc3be7b590
Event: 14313.543 Thread 0x000001cc4fa56300 flushing nmethod 0x000001cc3be7ce90
Event: 14313.543 Thread 0x000001cc4fa56300 flushing nmethod 0x000001cc3be98c90
Event: 14313.543 Thread 0x000001cc4fa56300 flushing nmethod 0x000001cc3bed6710
Event: 14313.543 Thread 0x000001cc4fa56300 flushing nmethod 0x000001cc3bee4410
Event: 14313.543 Thread 0x000001cc4fa56300 flushing nmethod 0x000001cc3bee4990
Event: 14313.543 Thread 0x000001cc4fa56300 flushing nmethod 0x000001cc3bee5890
Event: 14313.543 Thread 0x000001cc4fa56300 flushing nmethod 0x000001cc3bee5f90
Event: 14313.543 Thread 0x000001cc4fa56300 flushing nmethod 0x000001cc3bee9d90
Event: 14313.543 Thread 0x000001cc4fa56300 flushing nmethod 0x000001cc3bf3b390
Event: 14313.543 Thread 0x000001cc4fa56300 flushing nmethod 0x000001cc3bf3de90
Event: 14327.306 Thread 0x000001cc581a9610 Thread added: 0x000001cc581a9610
Event: 14327.306 Thread 0x000001cc581a9610 Thread exited: 0x000001cc581a9610


Dynamic libraries:
0x00007ff751300000 - 0x00007ff75130e000 	c:\Users\quelf\.vscode\extensions\redhat.java-1.32.0-win32-x64\jre\17.0.11-win32-x86_64\bin\java.exe
0x00007ff85bef0000 - 0x00007ff85c107000 	C:\Windows\SYSTEM32\ntdll.dll
0x00007ff85ba90000 - 0x00007ff85bb54000 	C:\Windows\System32\KERNEL32.DLL
0x00007ff8594b0000 - 0x00007ff85985c000 	C:\Windows\System32\KERNELBASE.dll
0x00007ff859220000 - 0x00007ff859331000 	C:\Windows\System32\ucrtbase.dll
0x00007ff82fca0000 - 0x00007ff82fcbb000 	c:\Users\quelf\.vscode\extensions\redhat.java-1.32.0-win32-x64\jre\17.0.11-win32-x86_64\bin\VCRUNTIME140.dll
0x00007ff82fcc0000 - 0x00007ff82fcd7000 	c:\Users\quelf\.vscode\extensions\redhat.java-1.32.0-win32-x64\jre\17.0.11-win32-x86_64\bin\jli.dll
0x00007ff85b090000 - 0x00007ff85b23e000 	C:\Windows\System32\USER32.dll
0x00007ff859860000 - 0x00007ff859886000 	C:\Windows\System32\win32u.dll
0x00007ff847180000 - 0x00007ff847413000 	C:\Windows\WinSxS\amd64_microsoft.windows.common-controls_6595b64144ccf1df_6.0.22621.3672_none_2713b9d173822955\COMCTL32.dll
0x00007ff859cb0000 - 0x00007ff859cd9000 	C:\Windows\System32\GDI32.dll
0x00007ff85a650000 - 0x00007ff85a6f7000 	C:\Windows\System32\msvcrt.dll
0x00007ff859a90000 - 0x00007ff859ba9000 	C:\Windows\System32\gdi32full.dll
0x00007ff8599f0000 - 0x00007ff859a8a000 	C:\Windows\System32\msvcp_win.dll
0x00007ff85b240000 - 0x00007ff85b271000 	C:\Windows\System32\IMM32.DLL
0x00007ff843150000 - 0x00007ff84315c000 	c:\Users\quelf\.vscode\extensions\redhat.java-1.32.0-win32-x64\jre\17.0.11-win32-x86_64\bin\vcruntime140_1.dll
0x00007ff809610000 - 0x00007ff80969d000 	c:\Users\quelf\.vscode\extensions\redhat.java-1.32.0-win32-x64\jre\17.0.11-win32-x86_64\bin\msvcp140.dll
0x00007fffd9ba0000 - 0x00007fffda802000 	c:\Users\quelf\.vscode\extensions\redhat.java-1.32.0-win32-x64\jre\17.0.11-win32-x86_64\bin\server\jvm.dll
0x00007ff85b810000 - 0x00007ff85b8c2000 	C:\Windows\System32\ADVAPI32.dll
0x00007ff85ab30000 - 0x00007ff85abda000 	C:\Windows\System32\sechost.dll
0x00007ff8599c0000 - 0x00007ff8599e8000 	C:\Windows\System32\bcrypt.dll
0x00007ff85bd90000 - 0x00007ff85bea5000 	C:\Windows\System32\RPCRT4.dll
0x00007ff8259f0000 - 0x00007ff8259f9000 	C:\Windows\SYSTEM32\WSOCK32.dll
0x00007ff85a930000 - 0x00007ff85a9a1000 	C:\Windows\System32\WS2_32.dll
0x00007ff851c60000 - 0x00007ff851c94000 	C:\Windows\SYSTEM32\WINMM.dll
0x00007ff8590e0000 - 0x00007ff85912d000 	C:\Windows\SYSTEM32\POWRPROF.dll
0x00007ff850d90000 - 0x00007ff850d9a000 	C:\Windows\SYSTEM32\VERSION.dll
0x00007ff8590c0000 - 0x00007ff8590d3000 	C:\Windows\SYSTEM32\UMPDC.dll
0x00007ff858210000 - 0x00007ff858228000 	C:\Windows\SYSTEM32\kernel.appcore.dll
0x00007ff8306c0000 - 0x00007ff8306ca000 	c:\Users\quelf\.vscode\extensions\redhat.java-1.32.0-win32-x64\jre\17.0.11-win32-x86_64\bin\jimage.dll
0x00007ff850640000 - 0x00007ff850872000 	C:\Windows\SYSTEM32\DBGHELP.DLL
0x00007ff85b280000 - 0x00007ff85b608000 	C:\Windows\System32\combase.dll
0x00007ff85a750000 - 0x00007ff85a827000 	C:\Windows\System32\OLEAUT32.dll
0x00007ff850600000 - 0x00007ff850632000 	C:\Windows\SYSTEM32\dbgcore.DLL
0x00007ff859bb0000 - 0x00007ff859c2b000 	C:\Windows\System32\bcryptPrimitives.dll
0x00007ff830610000 - 0x00007ff83061e000 	c:\Users\quelf\.vscode\extensions\redhat.java-1.32.0-win32-x64\jre\17.0.11-win32-x86_64\bin\instrument.dll
0x00007ff82a210000 - 0x00007ff82a235000 	c:\Users\quelf\.vscode\extensions\redhat.java-1.32.0-win32-x64\jre\17.0.11-win32-x86_64\bin\java.dll
0x00007ff828f80000 - 0x00007ff828f98000 	c:\Users\quelf\.vscode\extensions\redhat.java-1.32.0-win32-x64\jre\17.0.11-win32-x86_64\bin\zip.dll
0x00007ff859df0000 - 0x00007ff85a64c000 	C:\Windows\System32\SHELL32.dll
0x00007ff857120000 - 0x00007ff857a17000 	C:\Windows\SYSTEM32\windows.storage.dll
0x00007ff856fe0000 - 0x00007ff85711f000 	C:\Windows\SYSTEM32\wintypes.dll
0x00007ff85a9d0000 - 0x00007ff85aac4000 	C:\Windows\System32\SHCORE.dll
0x00007ff859d90000 - 0x00007ff859dee000 	C:\Windows\System32\shlwapi.dll
0x00007ff859150000 - 0x00007ff859171000 	C:\Windows\SYSTEM32\profapi.dll
0x00007ff828c80000 - 0x00007ff828c99000 	C:\Users\quelf\.vscode\extensions\redhat.java-1.32.0-win32-x64\jre\17.0.11-win32-x86_64\bin\net.dll
0x00007ff854e60000 - 0x00007ff854f96000 	C:\Windows\SYSTEM32\WINHTTP.dll
0x00007ff858670000 - 0x00007ff8586d9000 	C:\Windows\system32\mswsock.dll
0x00007ff81f340000 - 0x00007ff81f356000 	C:\Users\quelf\.vscode\extensions\redhat.java-1.32.0-win32-x64\jre\17.0.11-win32-x86_64\bin\nio.dll
0x00007ff82fb20000 - 0x00007ff82fb30000 	c:\Users\quelf\.vscode\extensions\redhat.java-1.32.0-win32-x64\jre\17.0.11-win32-x86_64\bin\verify.dll
0x00007ff8078a0000 - 0x00007ff8078e4000 	C:\Users\quelf\AppData\Roaming\Code\User\globalStorage\redhat.java\1.32.0\config_win\org.eclipse.equinox.launcher\org.eclipse.equinox.launcher.win32.win32.x86_64_1.2.1100.v20240613-2013\eclipse_11903.dll
0x00007ff85bb60000 - 0x00007ff85bd05000 	C:\Windows\System32\ole32.dll
0x00007ff858910000 - 0x00007ff85892b000 	C:\Windows\SYSTEM32\CRYPTSP.dll
0x00007ff858170000 - 0x00007ff8581a5000 	C:\Windows\system32\rsaenh.dll
0x00007ff858710000 - 0x00007ff858738000 	C:\Windows\SYSTEM32\USERENV.dll
0x00007ff858870000 - 0x00007ff85887c000 	C:\Windows\SYSTEM32\CRYPTBASE.dll
0x00007ff857c70000 - 0x00007ff857c9d000 	C:\Windows\SYSTEM32\IPHLPAPI.DLL
0x00007ff85b080000 - 0x00007ff85b089000 	C:\Windows\System32\NSI.dll
0x00007ff854df0000 - 0x00007ff854e09000 	C:\Windows\SYSTEM32\dhcpcsvc6.DLL
0x00007ff854d90000 - 0x00007ff854daf000 	C:\Windows\SYSTEM32\dhcpcsvc.DLL
0x00007ff857ca0000 - 0x00007ff857d98000 	C:\Windows\SYSTEM32\DNSAPI.dll
0x00007ff8297f0000 - 0x00007ff829835000 	C:\Users\quelf\AppData\Local\Temp\jna-107943931\jna3052136001584661705.dll
0x00007ff85bd10000 - 0x00007ff85bd18000 	C:\Windows\System32\PSAPI.DLL

dbghelp: loaded successfully - version: 4.0.5 - missing functions: none
symbol engine: initialized successfully - sym options: 0x614 - pdb path: .;c:\Users\quelf\.vscode\extensions\redhat.java-1.32.0-win32-x64\jre\17.0.11-win32-x86_64\bin;C:\Windows\SYSTEM32;C:\Windows\WinSxS\amd64_microsoft.windows.common-controls_6595b64144ccf1df_6.0.22621.3672_none_2713b9d173822955;c:\Users\quelf\.vscode\extensions\redhat.java-1.32.0-win32-x64\jre\17.0.11-win32-x86_64\bin\server;C:\Users\quelf\AppData\Roaming\Code\User\globalStorage\redhat.java\1.32.0\config_win\org.eclipse.equinox.launcher\org.eclipse.equinox.launcher.win32.win32.x86_64_1.2.1100.v20240613-2013;C:\Users\quelf\AppData\Local\Temp\jna-107943931

VM Arguments:
jvm_args: --add-modules=ALL-SYSTEM --add-opens=java.base/java.util=ALL-UNNAMED --add-opens=java.base/java.lang=ALL-UNNAMED --add-opens=java.base/sun.nio.fs=ALL-UNNAMED -Declipse.application=org.eclipse.jdt.ls.core.id1 -Dosgi.bundles.defaultStartLevel=4 -Declipse.product=org.eclipse.jdt.ls.core.product -Djava.import.generatesMetadataFilesAtProjectRoot=false -DDetectVMInstallationsJob.disabled=true -Dfile.encoding=utf8 -XX:+UseParallelGC -XX:GCTimeRatio=4 -XX:AdaptiveSizePolicyWeight=90 -Dsun.zip.disableMemoryMapping=true -Xmx1G -Xms100m -Xlog:disable -javaagent:c:\Users\quelf\.vscode\extensions\redhat.java-1.32.0-win32-x64\lombok\lombok-1.18.33.jar -XX:+HeapDumpOnOutOfMemoryError -XX:HeapDumpPath=c:\Users\quelf\AppData\Roaming\Code\User\workspaceStorage\8b2b435ec4364f2ab538268782fa59e9\redhat.java -Daether.dependencyCollector.impl=bf 
java_command: c:\Users\quelf\.vscode\extensions\redhat.java-1.32.0-win32-x64\server\plugins\org.eclipse.equinox.launcher_1.6.900.v20240613-2009.jar -configuration c:\Users\quelf\AppData\Roaming\Code\User\globalStorage\redhat.java\1.32.0\config_win -data c:\Users\quelf\AppData\Roaming\Code\User\workspaceStorage\8b2b435ec4364f2ab538268782fa59e9\redhat.java\jdt_ws --pipe=\\.\pipe\lsp-315d8becd92974d514749d372f8b32fb-sock
java_class_path (initial): c:\Users\quelf\.vscode\extensions\redhat.java-1.32.0-win32-x64\server\plugins\org.eclipse.equinox.launcher_1.6.900.v20240613-2009.jar
Launcher Type: SUN_STANDARD

[Global flags]
    uintx AdaptiveSizePolicyWeight                 = 90                                        {product} {command line}
     intx CICompilerCount                          = 12                                        {product} {ergonomic}
    uintx GCTimeRatio                              = 4                                         {product} {command line}
     bool HeapDumpOnOutOfMemoryError               = true                                   {manageable} {command line}
    ccstr HeapDumpPath                             = c:\Users\quelf\AppData\Roaming\Code\User\workspaceStorage\8b2b435ec4364f2ab538268782fa59e9\redhat.java         {manageable} {command line}
   size_t InitialHeapSize                          = 104857600                                 {product} {command line}
   size_t MaxHeapSize                              = 1073741824                                {product} {command line}
   size_t MaxNewSize                               = 357564416                                 {product} {ergonomic}
   size_t MinHeapDeltaBytes                        = 524288                                    {product} {ergonomic}
   size_t MinHeapSize                              = 104857600                                 {product} {command line}
   size_t NewSize                                  = 34603008                                  {product} {ergonomic}
    uintx NonNMethodCodeHeapSize                   = 7602480                                {pd product} {ergonomic}
    uintx NonProfiledCodeHeapSize                  = 122027880                              {pd product} {ergonomic}
   size_t OldSize                                  = 70254592                                  {product} {ergonomic}
    uintx ProfiledCodeHeapSize                     = 122027880                              {pd product} {ergonomic}
    uintx ReservedCodeCacheSize                    = 251658240                              {pd product} {ergonomic}
     bool SegmentedCodeCache                       = true                                      {product} {ergonomic}
   size_t SoftMaxHeapSize                          = 1073741824                             {manageable} {ergonomic}
     bool UseCompressedClassPointers               = true                           {product lp64_product} {ergonomic}
     bool UseCompressedOops                        = true                           {product lp64_product} {ergonomic}
     bool UseLargePagesIndividualAllocation        = false                                  {pd product} {ergonomic}
     bool UseParallelGC                            = true                                      {product} {command line}

Logging:
Log output configuration:
 #0: stdout all=off uptime,level,tags
 #1: stderr all=off uptime,level,tags

Environment Variables:
PATH=C:\Program Files\Eclipse Adoptium\jdk-17.0.11.9-hotspot\bin;C:\Program Files (x86)\Razer Chroma SDK\bin;C:\Program Files\Razer Chroma SDK\bin;C:\Program Files (x86)\Razer\ChromaBroadcast\bin;C:\Program Files\Razer\ChromaBroadcast\bin;C:\Program Files\Common Files\Oracle\Java\javapath;C:\Program Files (x86)\Common Files\Oracle\Java\javapath;C:\Windows\system32;C:\Windows;C:\Windows\System32\Wbem;C:\Windows\System32\WindowsPowerShell\v1.0\;C:\Windows\System32\OpenSSH\;C:\Program Files (x86)\NVIDIA Corporation\PhysX\Common;C:\Program Files\dotnet\;C:\Program Files\NVIDIA Corporation\NVIDIA NvDLISR;C:\Windows\system32\config\systemprofile\AppData\Local\Microsoft\WindowsApps;C:\Users\quelf\.cargo\bin;C:\Users\quelf\AppData\Local\Microsoft\WindowsApps;C:\Users\quelf\AppData\Local\GitHubDesktop\bin;C:\Users\quelf\AppData\Local\Programs\Microsoft VS Code\bin;D:\Program Files\nodejs\;D:\Program Files\Git\cmd;C:\Users\quelf\.cargo\bin;C:\Users\quelf\AppData\Local\Microsoft\WindowsApps;C:\Users\quelf\AppData\Local\GitHubDesktop\bin;C:\Users\quelf\AppData\Local\Programs\Microsoft VS Code\bin;C:\Users\quelf\AppData\Roaming\npm
USERNAME=quelf
OS=Windows_NT
PROCESSOR_IDENTIFIER=Intel64 Family 6 Model 183 Stepping 1, GenuineIntel
TMP=C:\Users\quelf\AppData\Local\Temp
TEMP=C:\Users\quelf\AppData\Local\Temp



Periodic native trim disabled


---------------  S Y S T E M  ---------------

OS:
 Windows 11 , 64 bit Build 22621 (10.0.22621.3672)
OS uptime: 0 days 23:15 hours
Hyper-V role detected

CPU: total 24 (initial active 24) (12 cores per cpu, 2 threads per core) family 6 model 183 stepping 1 microcode 0x123, cx8, cmov, fxsr, ht, mmx, 3dnowpref, sse, sse2, sse3, ssse3, sse4.1, sse4.2, popcnt, lzcnt, tsc, tscinvbit, avx, avx2, aes, erms, clmul, bmi1, bmi2, adx, sha, fma, vzeroupper, clflush, clflushopt, clwb, hv
Processor Information for all 24 processors :
  Max Mhz: 2100, Current Mhz: 2100, Mhz Limit: 2100

Memory: 4k page, system-wide physical 65254M (826M free)
TotalPageFile size 184559M (AvailPageFile size 9M)
current process WorkingSet (physical memory assigned to process): 1097M, peak: 1150M
current process commit charge ("private bytes"): 1073M, peak: 1135M

vm_info: OpenJDK 64-Bit Server VM (17.0.11+9) for windows-amd64 JRE (17.0.11+9), built on Apr 17 2024 06:07:48 by "admin" with MS VC++ 16.10 / 16.11 (VS2019)

END.
